Sun Jul 16 2017 11:03:21 GMT+0530 (India Standard Time) - debug: [Utilities/MySQLManager.js] Initializing Pool with poolid ...1
Sun Jul 16 2017 11:03:21 GMT+0530 (India Standard Time) - debug: [Utilities/MySQLManager.js] Pool 1 Initialization completed.
Sun Jul 16 2017 11:03:53 GMT+0530 (India Standard Time) - debug: [Utilities/MySQLManager.js] Entering executeQuery. query insert into emailIds values(?). bindvars undefined
Sun Jul 16 2017 11:03:53 GMT+0530 (India Standard Time) - debug: [Utilities/MySQLManager.js] Inside getConnection of pool 1
Sun Jul 16 2017 11:03:53 GMT+0530 (India Standard Time) - debug: [Utilities/MySQLManager.js] Exiting executeQuery
Sun Jul 16 2017 11:03:53 GMT+0530 (India Standard Time) - debug: [Utilities/MySQLManager.js] Connection 33 acquired from pool 1
Sun Jul 16 2017 11:03:53 GMT+0530 (India Standard Time) - debug: [Utilities/MySQLManager.js] invoking callback after getting connection
Sun Jul 16 2017 11:03:53 GMT+0530 (India Standard Time) - debug: [Utilities/MySQLManager.js] got connection [object Object] inside executeQuery
Sun Jul 16 2017 11:03:53 GMT+0530 (India Standard Time) - debug: [Utilities/MySQLManager.js] Releasing connection back to the pool.insert into emailIds values(?)
Sun Jul 16 2017 11:03:53 GMT+0530 (India Standard Time) - debug: [Utilities/MySQLManager.js] Connection 33 released to pool 1
Sun Jul 16 2017 11:03:53 GMT+0530 (India Standard Time) - error: [Utilities/MySQLManager.js] Error executing query  Error: ER_PARSE_ERROR: You have an error in your SQL syntax; check the manual that corresponds to your MySQL server version for the right syntax to use near '?)' at line 1
    at Query.Sequence._packetToError (C:\Users\Abcd\Desktop\freelancer\chatBot\node_modules\mysql\lib\protocol\sequences\Sequence.js:52:14)
    at Query.ErrorPacket (C:\Users\Abcd\Desktop\freelancer\chatBot\node_modules\mysql\lib\protocol\sequences\Query.js:77:18)
    at Protocol._parsePacket (C:\Users\Abcd\Desktop\freelancer\chatBot\node_modules\mysql\lib\protocol\Protocol.js:280:23)
    at Parser.write (C:\Users\Abcd\Desktop\freelancer\chatBot\node_modules\mysql\lib\protocol\Parser.js:75:12)
    at Protocol.write (C:\Users\Abcd\Desktop\freelancer\chatBot\node_modules\mysql\lib\protocol\Protocol.js:39:16)
    at Socket.<anonymous> (C:\Users\Abcd\Desktop\freelancer\chatBot\node_modules\mysql\lib\Connection.js:103:28)
    at emitOne (events.js:96:13)
    at Socket.emit (events.js:188:7)
    at readableAddChunk (_stream_readable.js:176:18)
    at Socket.Readable.push (_stream_readable.js:134:10)
    --------------------
    at Protocol._enqueue (C:\Users\Abcd\Desktop\freelancer\chatBot\node_modules\mysql\lib\protocol\Protocol.js:141:48)
    at PoolConnection.query (C:\Users\Abcd\Desktop\freelancer\chatBot\node_modules\mysql\lib\Connection.js:208:25)
    at C:\Users\Abcd\Desktop\freelancer\chatBot\Utilities\MySQLManager.js:176:12
    at C:\Users\Abcd\Desktop\freelancer\chatBot\Utilities\MySQLManager.js:67:7
    at Handshake.onConnect (C:\Users\Abcd\Desktop\freelancer\chatBot\node_modules\mysql\lib\Pool.js:64:7)
    at Handshake.Sequence.end (C:\Users\Abcd\Desktop\freelancer\chatBot\node_modules\mysql\lib\protocol\sequences\Sequence.js:86:24)
    at Handshake.Sequence.OkPacket (C:\Users\Abcd\Desktop\freelancer\chatBot\node_modules\mysql\lib\protocol\sequences\Sequence.js:95:8)
    at Protocol._parsePacket (C:\Users\Abcd\Desktop\freelancer\chatBot\node_modules\mysql\lib\protocol\Protocol.js:280:23)
    at Parser.write (C:\Users\Abcd\Desktop\freelancer\chatBot\node_modules\mysql\lib\protocol\Parser.js:75:12)
    at Protocol.write (C:\Users\Abcd\Desktop\freelancer\chatBot\node_modules\mysql\lib\protocol\Protocol.js:39:16)
Sun Jul 16 2017 11:03:54 GMT+0530 (India Standard Time) - error: [Utilities/MySQLManager.js] uncaughtException: ER_PARSE_ERROR: You have an error in your SQL syntax; check the manual that corresponds to your MySQL server version for the right syntax to use near '?)' at line 1 date=Sun Jul 16 2017 11:03:54 GMT+0530 (India Standard Time), pid=5220, uid=null, gid=null, cwd=C:\Users\Abcd\Desktop\freelancer\chatBot, execPath=C:\Program Files\nodejs\node.exe, version=v6.10.0, argv=[C:\Program Files\nodejs\node.exe, C:\Users\Abcd\Desktop\freelancer\chatBot\ChatBotService.js], rss=31510528, heapTotal=16814080, heapUsed=13388712, external=449580, loadavg=[0, 0, 0], uptime=222882.5206784, trace=[column=14, file=C:\Users\Abcd\Desktop\freelancer\chatBot\node_modules\mysql\lib\protocol\sequences\Sequence.js, function=Query.Sequence._packetToError, line=52, method=_packetToError, native=false, column=18, file=C:\Users\Abcd\Desktop\freelancer\chatBot\node_modules\mysql\lib\protocol\sequences\Query.js, function=Query.ErrorPacket, line=77, method=ErrorPacket, native=false, column=23, file=C:\Users\Abcd\Desktop\freelancer\chatBot\node_modules\mysql\lib\protocol\Protocol.js, function=Protocol._parsePacket, line=280, method=_parsePacket, native=false, column=12, file=C:\Users\Abcd\Desktop\freelancer\chatBot\node_modules\mysql\lib\protocol\Parser.js, function=Parser.write, line=75, method=write, native=false, column=16, file=C:\Users\Abcd\Desktop\freelancer\chatBot\node_modules\mysql\lib\protocol\Protocol.js, function=Protocol.write, line=39, method=write, native=false, column=28, file=C:\Users\Abcd\Desktop\freelancer\chatBot\node_modules\mysql\lib\Connection.js, function=null, line=103, method=null, native=false, column=13, file=events.js, function=emitOne, line=96, method=null, native=false, column=7, file=events.js, function=Socket.emit, line=188, method=emit, native=false, column=18, file=_stream_readable.js, function=readableAddChunk, line=176, method=null, native=false, column=10, file=_stream_readable.js, function=Socket.Readable.push, line=134, method=push, native=false, column=null, file=    --------------------, function=null, line=null, method=null, native=null, column=48, file=C:\Users\Abcd\Desktop\freelancer\chatBot\node_modules\mysql\lib\protocol\Protocol.js, function=Protocol._enqueue, line=141, method=_enqueue, native=false, column=25, file=C:\Users\Abcd\Desktop\freelancer\chatBot\node_modules\mysql\lib\Connection.js, function=PoolConnection.query, line=208, method=query, native=false, column=12, file=C:\Users\Abcd\Desktop\freelancer\chatBot\Utilities\MySQLManager.js, function=null, line=176, method=null, native=false, column=7, file=C:\Users\Abcd\Desktop\freelancer\chatBot\Utilities\MySQLManager.js, function=null, line=67, method=null, native=false, column=7, file=C:\Users\Abcd\Desktop\freelancer\chatBot\node_modules\mysql\lib\Pool.js, function=Handshake.onConnect, line=64, method=onConnect, native=false, column=24, file=C:\Users\Abcd\Desktop\freelancer\chatBot\node_modules\mysql\lib\protocol\sequences\Sequence.js, function=Handshake.Sequence.end, line=86, method=end, native=false, column=8, file=C:\Users\Abcd\Desktop\freelancer\chatBot\node_modules\mysql\lib\protocol\sequences\Sequence.js, function=Handshake.Sequence.OkPacket, line=95, method=OkPacket, native=false, column=23, file=C:\Users\Abcd\Desktop\freelancer\chatBot\node_modules\mysql\lib\protocol\Protocol.js, function=Protocol._parsePacket, line=280, method=_parsePacket, native=false, column=12, file=C:\Users\Abcd\Desktop\freelancer\chatBot\node_modules\mysql\lib\protocol\Parser.js, function=Parser.write, line=75, method=write, native=false, column=16, file=C:\Users\Abcd\Desktop\freelancer\chatBot\node_modules\mysql\lib\protocol\Protocol.js, function=Protocol.write, line=39, method=write, native=false], stack=[Error: ER_PARSE_ERROR: You have an error in your SQL syntax; check the manual that corresponds to your MySQL server version for the right syntax to use near '?)' at line 1,     at Query.Sequence._packetToError (C:\Users\Abcd\Desktop\freelancer\chatBot\node_modules\mysql\lib\protocol\sequences\Sequence.js:52:14),     at Query.ErrorPacket (C:\Users\Abcd\Desktop\freelancer\chatBot\node_modules\mysql\lib\protocol\sequences\Query.js:77:18),     at Protocol._parsePacket (C:\Users\Abcd\Desktop\freelancer\chatBot\node_modules\mysql\lib\protocol\Protocol.js:280:23),     at Parser.write (C:\Users\Abcd\Desktop\freelancer\chatBot\node_modules\mysql\lib\protocol\Parser.js:75:12),     at Protocol.write (C:\Users\Abcd\Desktop\freelancer\chatBot\node_modules\mysql\lib\protocol\Protocol.js:39:16),     at Socket.<anonymous> (C:\Users\Abcd\Desktop\freelancer\chatBot\node_modules\mysql\lib\Connection.js:103:28),     at emitOne (events.js:96:13),     at Socket.emit (events.js:188:7),     at readableAddChunk (_stream_readable.js:176:18),     at Socket.Readable.push (_stream_readable.js:134:10),     --------------------,     at Protocol._enqueue (C:\Users\Abcd\Desktop\freelancer\chatBot\node_modules\mysql\lib\protocol\Protocol.js:141:48),     at PoolConnection.query (C:\Users\Abcd\Desktop\freelancer\chatBot\node_modules\mysql\lib\Connection.js:208:25),     at C:\Users\Abcd\Desktop\freelancer\chatBot\Utilities\MySQLManager.js:176:12,     at C:\Users\Abcd\Desktop\freelancer\chatBot\Utilities\MySQLManager.js:67:7,     at Handshake.onConnect (C:\Users\Abcd\Desktop\freelancer\chatBot\node_modules\mysql\lib\Pool.js:64:7),     at Handshake.Sequence.end (C:\Users\Abcd\Desktop\freelancer\chatBot\node_modules\mysql\lib\protocol\sequences\Sequence.js:86:24),     at Handshake.Sequence.OkPacket (C:\Users\Abcd\Desktop\freelancer\chatBot\node_modules\mysql\lib\protocol\sequences\Sequence.js:95:8),     at Protocol._parsePacket (C:\Users\Abcd\Desktop\freelancer\chatBot\node_modules\mysql\lib\protocol\Protocol.js:280:23),     at Parser.write (C:\Users\Abcd\Desktop\freelancer\chatBot\node_modules\mysql\lib\protocol\Parser.js:75:12),     at Protocol.write (C:\Users\Abcd\Desktop\freelancer\chatBot\node_modules\mysql\lib\protocol\Protocol.js:39:16)]
Sun Jul 16 2017 11:08:37 GMT+0530 (India Standard Time) - debug: [Utilities/MySQLManager.js] Initializing Pool with poolid ...1
Sun Jul 16 2017 11:08:37 GMT+0530 (India Standard Time) - debug: [Utilities/MySQLManager.js] Pool 1 Initialization completed.
Sun Jul 16 2017 11:08:57 GMT+0530 (India Standard Time) - debug: [Utilities/MySQLManager.js] Entering executeQuery. query insert into emailIds values(?). bindvars undefined
Sun Jul 16 2017 11:08:57 GMT+0530 (India Standard Time) - debug: [Utilities/MySQLManager.js] Inside getConnection of pool 1
Sun Jul 16 2017 11:08:57 GMT+0530 (India Standard Time) - debug: [Utilities/MySQLManager.js] Exiting executeQuery
Sun Jul 16 2017 11:08:57 GMT+0530 (India Standard Time) - debug: [Utilities/MySQLManager.js] Connection 34 acquired from pool 1
Sun Jul 16 2017 11:08:57 GMT+0530 (India Standard Time) - debug: [Utilities/MySQLManager.js] invoking callback after getting connection
Sun Jul 16 2017 11:08:57 GMT+0530 (India Standard Time) - debug: [Utilities/MySQLManager.js] got connection [object Object] inside executeQuery
Sun Jul 16 2017 11:08:57 GMT+0530 (India Standard Time) - debug: [Utilities/MySQLManager.js] Releasing connection back to the pool.insert into emailIds values(?)
Sun Jul 16 2017 11:08:57 GMT+0530 (India Standard Time) - debug: [Utilities/MySQLManager.js] Connection 34 released to pool 1
Sun Jul 16 2017 11:08:57 GMT+0530 (India Standard Time) - error: [Utilities/MySQLManager.js] Error executing query  Error: ER_PARSE_ERROR: You have an error in your SQL syntax; check the manual that corresponds to your MySQL server version for the right syntax to use near '?)' at line 1
    at Query.Sequence._packetToError (C:\Users\Abcd\Desktop\freelancer\chatBot\node_modules\mysql\lib\protocol\sequences\Sequence.js:52:14)
    at Query.ErrorPacket (C:\Users\Abcd\Desktop\freelancer\chatBot\node_modules\mysql\lib\protocol\sequences\Query.js:77:18)
    at Protocol._parsePacket (C:\Users\Abcd\Desktop\freelancer\chatBot\node_modules\mysql\lib\protocol\Protocol.js:280:23)
    at Parser.write (C:\Users\Abcd\Desktop\freelancer\chatBot\node_modules\mysql\lib\protocol\Parser.js:75:12)
    at Protocol.write (C:\Users\Abcd\Desktop\freelancer\chatBot\node_modules\mysql\lib\protocol\Protocol.js:39:16)
    at Socket.<anonymous> (C:\Users\Abcd\Desktop\freelancer\chatBot\node_modules\mysql\lib\Connection.js:103:28)
    at emitOne (events.js:96:13)
    at Socket.emit (events.js:188:7)
    at readableAddChunk (_stream_readable.js:176:18)
    at Socket.Readable.push (_stream_readable.js:134:10)
    --------------------
    at Protocol._enqueue (C:\Users\Abcd\Desktop\freelancer\chatBot\node_modules\mysql\lib\protocol\Protocol.js:141:48)
    at PoolConnection.query (C:\Users\Abcd\Desktop\freelancer\chatBot\node_modules\mysql\lib\Connection.js:208:25)
    at C:\Users\Abcd\Desktop\freelancer\chatBot\Utilities\MySQLManager.js:176:12
    at C:\Users\Abcd\Desktop\freelancer\chatBot\Utilities\MySQLManager.js:67:7
    at Handshake.onConnect (C:\Users\Abcd\Desktop\freelancer\chatBot\node_modules\mysql\lib\Pool.js:64:7)
    at Handshake.Sequence.end (C:\Users\Abcd\Desktop\freelancer\chatBot\node_modules\mysql\lib\protocol\sequences\Sequence.js:86:24)
    at Handshake.Sequence.OkPacket (C:\Users\Abcd\Desktop\freelancer\chatBot\node_modules\mysql\lib\protocol\sequences\Sequence.js:95:8)
    at Protocol._parsePacket (C:\Users\Abcd\Desktop\freelancer\chatBot\node_modules\mysql\lib\protocol\Protocol.js:280:23)
    at Parser.write (C:\Users\Abcd\Desktop\freelancer\chatBot\node_modules\mysql\lib\protocol\Parser.js:75:12)
    at Protocol.write (C:\Users\Abcd\Desktop\freelancer\chatBot\node_modules\mysql\lib\protocol\Protocol.js:39:16)
Sun Jul 16 2017 11:08:58 GMT+0530 (India Standard Time) - error: [Utilities/MySQLManager.js] uncaughtException: ER_PARSE_ERROR: You have an error in your SQL syntax; check the manual that corresponds to your MySQL server version for the right syntax to use near '?)' at line 1 date=Sun Jul 16 2017 11:08:57 GMT+0530 (India Standard Time), pid=3584, uid=null, gid=null, cwd=C:\Users\Abcd\Desktop\freelancer\chatBot, execPath=C:\Program Files\nodejs\node.exe, version=v6.10.0, argv=[C:\Program Files\nodejs\node.exe, C:\Users\Abcd\Desktop\freelancer\chatBot\ChatBotService.js], rss=30871552, heapTotal=17862656, heapUsed=13386280, external=111194, loadavg=[0, 0, 0], uptime=223186.5047589, trace=[column=14, file=C:\Users\Abcd\Desktop\freelancer\chatBot\node_modules\mysql\lib\protocol\sequences\Sequence.js, function=Query.Sequence._packetToError, line=52, method=_packetToError, native=false, column=18, file=C:\Users\Abcd\Desktop\freelancer\chatBot\node_modules\mysql\lib\protocol\sequences\Query.js, function=Query.ErrorPacket, line=77, method=ErrorPacket, native=false, column=23, file=C:\Users\Abcd\Desktop\freelancer\chatBot\node_modules\mysql\lib\protocol\Protocol.js, function=Protocol._parsePacket, line=280, method=_parsePacket, native=false, column=12, file=C:\Users\Abcd\Desktop\freelancer\chatBot\node_modules\mysql\lib\protocol\Parser.js, function=Parser.write, line=75, method=write, native=false, column=16, file=C:\Users\Abcd\Desktop\freelancer\chatBot\node_modules\mysql\lib\protocol\Protocol.js, function=Protocol.write, line=39, method=write, native=false, column=28, file=C:\Users\Abcd\Desktop\freelancer\chatBot\node_modules\mysql\lib\Connection.js, function=null, line=103, method=null, native=false, column=13, file=events.js, function=emitOne, line=96, method=null, native=false, column=7, file=events.js, function=Socket.emit, line=188, method=emit, native=false, column=18, file=_stream_readable.js, function=readableAddChunk, line=176, method=null, native=false, column=10, file=_stream_readable.js, function=Socket.Readable.push, line=134, method=push, native=false, column=null, file=    --------------------, function=null, line=null, method=null, native=null, column=48, file=C:\Users\Abcd\Desktop\freelancer\chatBot\node_modules\mysql\lib\protocol\Protocol.js, function=Protocol._enqueue, line=141, method=_enqueue, native=false, column=25, file=C:\Users\Abcd\Desktop\freelancer\chatBot\node_modules\mysql\lib\Connection.js, function=PoolConnection.query, line=208, method=query, native=false, column=12, file=C:\Users\Abcd\Desktop\freelancer\chatBot\Utilities\MySQLManager.js, function=null, line=176, method=null, native=false, column=7, file=C:\Users\Abcd\Desktop\freelancer\chatBot\Utilities\MySQLManager.js, function=null, line=67, method=null, native=false, column=7, file=C:\Users\Abcd\Desktop\freelancer\chatBot\node_modules\mysql\lib\Pool.js, function=Handshake.onConnect, line=64, method=onConnect, native=false, column=24, file=C:\Users\Abcd\Desktop\freelancer\chatBot\node_modules\mysql\lib\protocol\sequences\Sequence.js, function=Handshake.Sequence.end, line=86, method=end, native=false, column=8, file=C:\Users\Abcd\Desktop\freelancer\chatBot\node_modules\mysql\lib\protocol\sequences\Sequence.js, function=Handshake.Sequence.OkPacket, line=95, method=OkPacket, native=false, column=23, file=C:\Users\Abcd\Desktop\freelancer\chatBot\node_modules\mysql\lib\protocol\Protocol.js, function=Protocol._parsePacket, line=280, method=_parsePacket, native=false, column=12, file=C:\Users\Abcd\Desktop\freelancer\chatBot\node_modules\mysql\lib\protocol\Parser.js, function=Parser.write, line=75, method=write, native=false, column=16, file=C:\Users\Abcd\Desktop\freelancer\chatBot\node_modules\mysql\lib\protocol\Protocol.js, function=Protocol.write, line=39, method=write, native=false], stack=[Error: ER_PARSE_ERROR: You have an error in your SQL syntax; check the manual that corresponds to your MySQL server version for the right syntax to use near '?)' at line 1,     at Query.Sequence._packetToError (C:\Users\Abcd\Desktop\freelancer\chatBot\node_modules\mysql\lib\protocol\sequences\Sequence.js:52:14),     at Query.ErrorPacket (C:\Users\Abcd\Desktop\freelancer\chatBot\node_modules\mysql\lib\protocol\sequences\Query.js:77:18),     at Protocol._parsePacket (C:\Users\Abcd\Desktop\freelancer\chatBot\node_modules\mysql\lib\protocol\Protocol.js:280:23),     at Parser.write (C:\Users\Abcd\Desktop\freelancer\chatBot\node_modules\mysql\lib\protocol\Parser.js:75:12),     at Protocol.write (C:\Users\Abcd\Desktop\freelancer\chatBot\node_modules\mysql\lib\protocol\Protocol.js:39:16),     at Socket.<anonymous> (C:\Users\Abcd\Desktop\freelancer\chatBot\node_modules\mysql\lib\Connection.js:103:28),     at emitOne (events.js:96:13),     at Socket.emit (events.js:188:7),     at readableAddChunk (_stream_readable.js:176:18),     at Socket.Readable.push (_stream_readable.js:134:10),     --------------------,     at Protocol._enqueue (C:\Users\Abcd\Desktop\freelancer\chatBot\node_modules\mysql\lib\protocol\Protocol.js:141:48),     at PoolConnection.query (C:\Users\Abcd\Desktop\freelancer\chatBot\node_modules\mysql\lib\Connection.js:208:25),     at C:\Users\Abcd\Desktop\freelancer\chatBot\Utilities\MySQLManager.js:176:12,     at C:\Users\Abcd\Desktop\freelancer\chatBot\Utilities\MySQLManager.js:67:7,     at Handshake.onConnect (C:\Users\Abcd\Desktop\freelancer\chatBot\node_modules\mysql\lib\Pool.js:64:7),     at Handshake.Sequence.end (C:\Users\Abcd\Desktop\freelancer\chatBot\node_modules\mysql\lib\protocol\sequences\Sequence.js:86:24),     at Handshake.Sequence.OkPacket (C:\Users\Abcd\Desktop\freelancer\chatBot\node_modules\mysql\lib\protocol\sequences\Sequence.js:95:8),     at Protocol._parsePacket (C:\Users\Abcd\Desktop\freelancer\chatBot\node_modules\mysql\lib\protocol\Protocol.js:280:23),     at Parser.write (C:\Users\Abcd\Desktop\freelancer\chatBot\node_modules\mysql\lib\protocol\Parser.js:75:12),     at Protocol.write (C:\Users\Abcd\Desktop\freelancer\chatBot\node_modules\mysql\lib\protocol\Protocol.js:39:16)]
Sun Jul 16 2017 11:11:54 GMT+0530 (India Standard Time) - debug: [Utilities/MySQLManager.js] Entering executeQuery. query insert into emailIds values(?). bindvars undefined
Sun Jul 16 2017 11:11:54 GMT+0530 (India Standard Time) - debug: [Utilities/MySQLManager.js] Inside getConnection of pool 1
Sun Jul 16 2017 11:11:54 GMT+0530 (India Standard Time) - debug: [Utilities/MySQLManager.js] Exiting executeQuery
Sun Jul 16 2017 11:11:54 GMT+0530 (India Standard Time) - debug: [Utilities/MySQLManager.js] Connection 34 acquired from pool 1
Sun Jul 16 2017 11:11:54 GMT+0530 (India Standard Time) - debug: [Utilities/MySQLManager.js] invoking callback after getting connection
Sun Jul 16 2017 11:11:54 GMT+0530 (India Standard Time) - debug: [Utilities/MySQLManager.js] got connection [object Object] inside executeQuery
Sun Jul 16 2017 11:11:54 GMT+0530 (India Standard Time) - debug: [Utilities/MySQLManager.js] Releasing connection back to the pool.insert into emailIds values(?)
Sun Jul 16 2017 11:11:54 GMT+0530 (India Standard Time) - debug: [Utilities/MySQLManager.js] Connection 34 released to pool 1
Sun Jul 16 2017 11:11:54 GMT+0530 (India Standard Time) - error: [Utilities/MySQLManager.js] Error executing query  Error: ER_PARSE_ERROR: You have an error in your SQL syntax; check the manual that corresponds to your MySQL server version for the right syntax to use near '?)' at line 1
    at Query.Sequence._packetToError (C:\Users\Abcd\Desktop\freelancer\chatBot\node_modules\mysql\lib\protocol\sequences\Sequence.js:52:14)
    at Query.ErrorPacket (C:\Users\Abcd\Desktop\freelancer\chatBot\node_modules\mysql\lib\protocol\sequences\Query.js:77:18)
    at Protocol._parsePacket (C:\Users\Abcd\Desktop\freelancer\chatBot\node_modules\mysql\lib\protocol\Protocol.js:280:23)
    at Parser.write (C:\Users\Abcd\Desktop\freelancer\chatBot\node_modules\mysql\lib\protocol\Parser.js:75:12)
    at Protocol.write (C:\Users\Abcd\Desktop\freelancer\chatBot\node_modules\mysql\lib\protocol\Protocol.js:39:16)
    at Socket.<anonymous> (C:\Users\Abcd\Desktop\freelancer\chatBot\node_modules\mysql\lib\Connection.js:103:28)
    at emitOne (events.js:96:13)
    at Socket.emit (events.js:188:7)
    at readableAddChunk (_stream_readable.js:176:18)
    at Socket.Readable.push (_stream_readable.js:134:10)
    --------------------
    at Protocol._enqueue (C:\Users\Abcd\Desktop\freelancer\chatBot\node_modules\mysql\lib\protocol\Protocol.js:141:48)
    at PoolConnection.query (C:\Users\Abcd\Desktop\freelancer\chatBot\node_modules\mysql\lib\Connection.js:208:25)
    at C:\Users\Abcd\Desktop\freelancer\chatBot\Utilities\MySQLManager.js:176:12
    at C:\Users\Abcd\Desktop\freelancer\chatBot\Utilities\MySQLManager.js:67:7
    at Ping.onOperationComplete [as _callback] (C:\Users\Abcd\Desktop\freelancer\chatBot\node_modules\mysql\lib\Pool.js:110:5)
    at Ping.Sequence.end (C:\Users\Abcd\Desktop\freelancer\chatBot\node_modules\mysql\lib\protocol\sequences\Sequence.js:86:24)
    at Ping.Sequence.OkPacket (C:\Users\Abcd\Desktop\freelancer\chatBot\node_modules\mysql\lib\protocol\sequences\Sequence.js:95:8)
    at Protocol._parsePacket (C:\Users\Abcd\Desktop\freelancer\chatBot\node_modules\mysql\lib\protocol\Protocol.js:280:23)
    at Parser.write (C:\Users\Abcd\Desktop\freelancer\chatBot\node_modules\mysql\lib\protocol\Parser.js:75:12)
    at Protocol.write (C:\Users\Abcd\Desktop\freelancer\chatBot\node_modules\mysql\lib\protocol\Protocol.js:39:16)
Sun Jul 16 2017 11:11:54 GMT+0530 (India Standard Time) - error: [Utilities/MySQLManager.js] uncaughtException: ER_PARSE_ERROR: You have an error in your SQL syntax; check the manual that corresponds to your MySQL server version for the right syntax to use near '?)' at line 1 date=Sun Jul 16 2017 11:11:54 GMT+0530 (India Standard Time), pid=3584, uid=null, gid=null, cwd=C:\Users\Abcd\Desktop\freelancer\chatBot, execPath=C:\Program Files\nodejs\node.exe, version=v6.10.0, argv=[C:\Program Files\nodejs\node.exe, C:\Users\Abcd\Desktop\freelancer\chatBot\ChatBotService.js], rss=30949376, heapTotal=17862656, heapUsed=10845680, external=41951, loadavg=[0, 0, 0], uptime=223362.5271998, trace=[column=14, file=C:\Users\Abcd\Desktop\freelancer\chatBot\node_modules\mysql\lib\protocol\sequences\Sequence.js, function=Query.Sequence._packetToError, line=52, method=_packetToError, native=false, column=18, file=C:\Users\Abcd\Desktop\freelancer\chatBot\node_modules\mysql\lib\protocol\sequences\Query.js, function=Query.ErrorPacket, line=77, method=ErrorPacket, native=false, column=23, file=C:\Users\Abcd\Desktop\freelancer\chatBot\node_modules\mysql\lib\protocol\Protocol.js, function=Protocol._parsePacket, line=280, method=_parsePacket, native=false, column=12, file=C:\Users\Abcd\Desktop\freelancer\chatBot\node_modules\mysql\lib\protocol\Parser.js, function=Parser.write, line=75, method=write, native=false, column=16, file=C:\Users\Abcd\Desktop\freelancer\chatBot\node_modules\mysql\lib\protocol\Protocol.js, function=Protocol.write, line=39, method=write, native=false, column=28, file=C:\Users\Abcd\Desktop\freelancer\chatBot\node_modules\mysql\lib\Connection.js, function=null, line=103, method=null, native=false, column=13, file=events.js, function=emitOne, line=96, method=null, native=false, column=7, file=events.js, function=Socket.emit, line=188, method=emit, native=false, column=18, file=_stream_readable.js, function=readableAddChunk, line=176, method=null, native=false, column=10, file=_stream_readable.js, function=Socket.Readable.push, line=134, method=push, native=false, column=null, file=    --------------------, function=null, line=null, method=null, native=null, column=48, file=C:\Users\Abcd\Desktop\freelancer\chatBot\node_modules\mysql\lib\protocol\Protocol.js, function=Protocol._enqueue, line=141, method=_enqueue, native=false, column=25, file=C:\Users\Abcd\Desktop\freelancer\chatBot\node_modules\mysql\lib\Connection.js, function=PoolConnection.query, line=208, method=query, native=false, column=12, file=C:\Users\Abcd\Desktop\freelancer\chatBot\Utilities\MySQLManager.js, function=null, line=176, method=null, native=false, column=7, file=C:\Users\Abcd\Desktop\freelancer\chatBot\Utilities\MySQLManager.js, function=null, line=67, method=null, native=false, column=5, file=C:\Users\Abcd\Desktop\freelancer\chatBot\node_modules\mysql\lib\Pool.js, function=Ping.onOperationComplete [as _callback], line=110, method=onOperationComplete [as _callback], native=false, column=24, file=C:\Users\Abcd\Desktop\freelancer\chatBot\node_modules\mysql\lib\protocol\sequences\Sequence.js, function=Ping.Sequence.end, line=86, method=end, native=false, column=8, file=C:\Users\Abcd\Desktop\freelancer\chatBot\node_modules\mysql\lib\protocol\sequences\Sequence.js, function=Ping.Sequence.OkPacket, line=95, method=OkPacket, native=false, column=23, file=C:\Users\Abcd\Desktop\freelancer\chatBot\node_modules\mysql\lib\protocol\Protocol.js, function=Protocol._parsePacket, line=280, method=_parsePacket, native=false, column=12, file=C:\Users\Abcd\Desktop\freelancer\chatBot\node_modules\mysql\lib\protocol\Parser.js, function=Parser.write, line=75, method=write, native=false, column=16, file=C:\Users\Abcd\Desktop\freelancer\chatBot\node_modules\mysql\lib\protocol\Protocol.js, function=Protocol.write, line=39, method=write, native=false], stack=[Error: ER_PARSE_ERROR: You have an error in your SQL syntax; check the manual that corresponds to your MySQL server version for the right syntax to use near '?)' at line 1,     at Query.Sequence._packetToError (C:\Users\Abcd\Desktop\freelancer\chatBot\node_modules\mysql\lib\protocol\sequences\Sequence.js:52:14),     at Query.ErrorPacket (C:\Users\Abcd\Desktop\freelancer\chatBot\node_modules\mysql\lib\protocol\sequences\Query.js:77:18),     at Protocol._parsePacket (C:\Users\Abcd\Desktop\freelancer\chatBot\node_modules\mysql\lib\protocol\Protocol.js:280:23),     at Parser.write (C:\Users\Abcd\Desktop\freelancer\chatBot\node_modules\mysql\lib\protocol\Parser.js:75:12),     at Protocol.write (C:\Users\Abcd\Desktop\freelancer\chatBot\node_modules\mysql\lib\protocol\Protocol.js:39:16),     at Socket.<anonymous> (C:\Users\Abcd\Desktop\freelancer\chatBot\node_modules\mysql\lib\Connection.js:103:28),     at emitOne (events.js:96:13),     at Socket.emit (events.js:188:7),     at readableAddChunk (_stream_readable.js:176:18),     at Socket.Readable.push (_stream_readable.js:134:10),     --------------------,     at Protocol._enqueue (C:\Users\Abcd\Desktop\freelancer\chatBot\node_modules\mysql\lib\protocol\Protocol.js:141:48),     at PoolConnection.query (C:\Users\Abcd\Desktop\freelancer\chatBot\node_modules\mysql\lib\Connection.js:208:25),     at C:\Users\Abcd\Desktop\freelancer\chatBot\Utilities\MySQLManager.js:176:12,     at C:\Users\Abcd\Desktop\freelancer\chatBot\Utilities\MySQLManager.js:67:7,     at Ping.onOperationComplete [as _callback] (C:\Users\Abcd\Desktop\freelancer\chatBot\node_modules\mysql\lib\Pool.js:110:5),     at Ping.Sequence.end (C:\Users\Abcd\Desktop\freelancer\chatBot\node_modules\mysql\lib\protocol\sequences\Sequence.js:86:24),     at Ping.Sequence.OkPacket (C:\Users\Abcd\Desktop\freelancer\chatBot\node_modules\mysql\lib\protocol\sequences\Sequence.js:95:8),     at Protocol._parsePacket (C:\Users\Abcd\Desktop\freelancer\chatBot\node_modules\mysql\lib\protocol\Protocol.js:280:23),     at Parser.write (C:\Users\Abcd\Desktop\freelancer\chatBot\node_modules\mysql\lib\protocol\Parser.js:75:12),     at Protocol.write (C:\Users\Abcd\Desktop\freelancer\chatBot\node_modules\mysql\lib\protocol\Protocol.js:39:16)]
Sun Jul 16 2017 11:15:09 GMT+0530 (India Standard Time) - debug: [Utilities/MySQLManager.js] Entering executeQuery. query insert into emailIds values(?). bindvars undefined
Sun Jul 16 2017 11:15:09 GMT+0530 (India Standard Time) - debug: [Utilities/MySQLManager.js] Inside getConnection of pool 1
Sun Jul 16 2017 11:15:09 GMT+0530 (India Standard Time) - debug: [Utilities/MySQLManager.js] Exiting executeQuery
Sun Jul 16 2017 11:15:09 GMT+0530 (India Standard Time) - debug: [Utilities/MySQLManager.js] Connection 34 acquired from pool 1
Sun Jul 16 2017 11:15:09 GMT+0530 (India Standard Time) - debug: [Utilities/MySQLManager.js] invoking callback after getting connection
Sun Jul 16 2017 11:15:09 GMT+0530 (India Standard Time) - debug: [Utilities/MySQLManager.js] got connection [object Object] inside executeQuery
Sun Jul 16 2017 11:15:09 GMT+0530 (India Standard Time) - debug: [Utilities/MySQLManager.js] Releasing connection back to the pool.insert into emailIds values(?)
Sun Jul 16 2017 11:15:09 GMT+0530 (India Standard Time) - debug: [Utilities/MySQLManager.js] Connection 34 released to pool 1
Sun Jul 16 2017 11:15:09 GMT+0530 (India Standard Time) - error: [Utilities/MySQLManager.js] Error executing query  Error: ER_PARSE_ERROR: You have an error in your SQL syntax; check the manual that corresponds to your MySQL server version for the right syntax to use near '?)' at line 1
    at Query.Sequence._packetToError (C:\Users\Abcd\Desktop\freelancer\chatBot\node_modules\mysql\lib\protocol\sequences\Sequence.js:52:14)
    at Query.ErrorPacket (C:\Users\Abcd\Desktop\freelancer\chatBot\node_modules\mysql\lib\protocol\sequences\Query.js:77:18)
    at Protocol._parsePacket (C:\Users\Abcd\Desktop\freelancer\chatBot\node_modules\mysql\lib\protocol\Protocol.js:280:23)
    at Parser.write (C:\Users\Abcd\Desktop\freelancer\chatBot\node_modules\mysql\lib\protocol\Parser.js:75:12)
    at Protocol.write (C:\Users\Abcd\Desktop\freelancer\chatBot\node_modules\mysql\lib\protocol\Protocol.js:39:16)
    at Socket.<anonymous> (C:\Users\Abcd\Desktop\freelancer\chatBot\node_modules\mysql\lib\Connection.js:103:28)
    at emitOne (events.js:96:13)
    at Socket.emit (events.js:188:7)
    at readableAddChunk (_stream_readable.js:176:18)
    at Socket.Readable.push (_stream_readable.js:134:10)
    --------------------
    at Protocol._enqueue (C:\Users\Abcd\Desktop\freelancer\chatBot\node_modules\mysql\lib\protocol\Protocol.js:141:48)
    at PoolConnection.query (C:\Users\Abcd\Desktop\freelancer\chatBot\node_modules\mysql\lib\Connection.js:208:25)
    at C:\Users\Abcd\Desktop\freelancer\chatBot\Utilities\MySQLManager.js:176:12
    at C:\Users\Abcd\Desktop\freelancer\chatBot\Utilities\MySQLManager.js:67:7
    at Ping.onOperationComplete [as _callback] (C:\Users\Abcd\Desktop\freelancer\chatBot\node_modules\mysql\lib\Pool.js:110:5)
    at Ping.Sequence.end (C:\Users\Abcd\Desktop\freelancer\chatBot\node_modules\mysql\lib\protocol\sequences\Sequence.js:86:24)
    at Ping.Sequence.OkPacket (C:\Users\Abcd\Desktop\freelancer\chatBot\node_modules\mysql\lib\protocol\sequences\Sequence.js:95:8)
    at Protocol._parsePacket (C:\Users\Abcd\Desktop\freelancer\chatBot\node_modules\mysql\lib\protocol\Protocol.js:280:23)
    at Parser.write (C:\Users\Abcd\Desktop\freelancer\chatBot\node_modules\mysql\lib\protocol\Parser.js:75:12)
    at Protocol.write (C:\Users\Abcd\Desktop\freelancer\chatBot\node_modules\mysql\lib\protocol\Protocol.js:39:16)
Sun Jul 16 2017 11:15:09 GMT+0530 (India Standard Time) - error: [Utilities/MySQLManager.js] uncaughtException: ER_PARSE_ERROR: You have an error in your SQL syntax; check the manual that corresponds to your MySQL server version for the right syntax to use near '?)' at line 1 date=Sun Jul 16 2017 11:15:09 GMT+0530 (India Standard Time), pid=3584, uid=null, gid=null, cwd=C:\Users\Abcd\Desktop\freelancer\chatBot, execPath=C:\Program Files\nodejs\node.exe, version=v6.10.0, argv=[C:\Program Files\nodejs\node.exe, C:\Users\Abcd\Desktop\freelancer\chatBot\ChatBotService.js], rss=30932992, heapTotal=17862656, heapUsed=10901528, external=25626, loadavg=[0, 0, 0], uptime=223557.682399, trace=[column=14, file=C:\Users\Abcd\Desktop\freelancer\chatBot\node_modules\mysql\lib\protocol\sequences\Sequence.js, function=Query.Sequence._packetToError, line=52, method=_packetToError, native=false, column=18, file=C:\Users\Abcd\Desktop\freelancer\chatBot\node_modules\mysql\lib\protocol\sequences\Query.js, function=Query.ErrorPacket, line=77, method=ErrorPacket, native=false, column=23, file=C:\Users\Abcd\Desktop\freelancer\chatBot\node_modules\mysql\lib\protocol\Protocol.js, function=Protocol._parsePacket, line=280, method=_parsePacket, native=false, column=12, file=C:\Users\Abcd\Desktop\freelancer\chatBot\node_modules\mysql\lib\protocol\Parser.js, function=Parser.write, line=75, method=write, native=false, column=16, file=C:\Users\Abcd\Desktop\freelancer\chatBot\node_modules\mysql\lib\protocol\Protocol.js, function=Protocol.write, line=39, method=write, native=false, column=28, file=C:\Users\Abcd\Desktop\freelancer\chatBot\node_modules\mysql\lib\Connection.js, function=null, line=103, method=null, native=false, column=13, file=events.js, function=emitOne, line=96, method=null, native=false, column=7, file=events.js, function=Socket.emit, line=188, method=emit, native=false, column=18, file=_stream_readable.js, function=readableAddChunk, line=176, method=null, native=false, column=10, file=_stream_readable.js, function=Socket.Readable.push, line=134, method=push, native=false, column=null, file=    --------------------, function=null, line=null, method=null, native=null, column=48, file=C:\Users\Abcd\Desktop\freelancer\chatBot\node_modules\mysql\lib\protocol\Protocol.js, function=Protocol._enqueue, line=141, method=_enqueue, native=false, column=25, file=C:\Users\Abcd\Desktop\freelancer\chatBot\node_modules\mysql\lib\Connection.js, function=PoolConnection.query, line=208, method=query, native=false, column=12, file=C:\Users\Abcd\Desktop\freelancer\chatBot\Utilities\MySQLManager.js, function=null, line=176, method=null, native=false, column=7, file=C:\Users\Abcd\Desktop\freelancer\chatBot\Utilities\MySQLManager.js, function=null, line=67, method=null, native=false, column=5, file=C:\Users\Abcd\Desktop\freelancer\chatBot\node_modules\mysql\lib\Pool.js, function=Ping.onOperationComplete [as _callback], line=110, method=onOperationComplete [as _callback], native=false, column=24, file=C:\Users\Abcd\Desktop\freelancer\chatBot\node_modules\mysql\lib\protocol\sequences\Sequence.js, function=Ping.Sequence.end, line=86, method=end, native=false, column=8, file=C:\Users\Abcd\Desktop\freelancer\chatBot\node_modules\mysql\lib\protocol\sequences\Sequence.js, function=Ping.Sequence.OkPacket, line=95, method=OkPacket, native=false, column=23, file=C:\Users\Abcd\Desktop\freelancer\chatBot\node_modules\mysql\lib\protocol\Protocol.js, function=Protocol._parsePacket, line=280, method=_parsePacket, native=false, column=12, file=C:\Users\Abcd\Desktop\freelancer\chatBot\node_modules\mysql\lib\protocol\Parser.js, function=Parser.write, line=75, method=write, native=false, column=16, file=C:\Users\Abcd\Desktop\freelancer\chatBot\node_modules\mysql\lib\protocol\Protocol.js, function=Protocol.write, line=39, method=write, native=false], stack=[Error: ER_PARSE_ERROR: You have an error in your SQL syntax; check the manual that corresponds to your MySQL server version for the right syntax to use near '?)' at line 1,     at Query.Sequence._packetToError (C:\Users\Abcd\Desktop\freelancer\chatBot\node_modules\mysql\lib\protocol\sequences\Sequence.js:52:14),     at Query.ErrorPacket (C:\Users\Abcd\Desktop\freelancer\chatBot\node_modules\mysql\lib\protocol\sequences\Query.js:77:18),     at Protocol._parsePacket (C:\Users\Abcd\Desktop\freelancer\chatBot\node_modules\mysql\lib\protocol\Protocol.js:280:23),     at Parser.write (C:\Users\Abcd\Desktop\freelancer\chatBot\node_modules\mysql\lib\protocol\Parser.js:75:12),     at Protocol.write (C:\Users\Abcd\Desktop\freelancer\chatBot\node_modules\mysql\lib\protocol\Protocol.js:39:16),     at Socket.<anonymous> (C:\Users\Abcd\Desktop\freelancer\chatBot\node_modules\mysql\lib\Connection.js:103:28),     at emitOne (events.js:96:13),     at Socket.emit (events.js:188:7),     at readableAddChunk (_stream_readable.js:176:18),     at Socket.Readable.push (_stream_readable.js:134:10),     --------------------,     at Protocol._enqueue (C:\Users\Abcd\Desktop\freelancer\chatBot\node_modules\mysql\lib\protocol\Protocol.js:141:48),     at PoolConnection.query (C:\Users\Abcd\Desktop\freelancer\chatBot\node_modules\mysql\lib\Connection.js:208:25),     at C:\Users\Abcd\Desktop\freelancer\chatBot\Utilities\MySQLManager.js:176:12,     at C:\Users\Abcd\Desktop\freelancer\chatBot\Utilities\MySQLManager.js:67:7,     at Ping.onOperationComplete [as _callback] (C:\Users\Abcd\Desktop\freelancer\chatBot\node_modules\mysql\lib\Pool.js:110:5),     at Ping.Sequence.end (C:\Users\Abcd\Desktop\freelancer\chatBot\node_modules\mysql\lib\protocol\sequences\Sequence.js:86:24),     at Ping.Sequence.OkPacket (C:\Users\Abcd\Desktop\freelancer\chatBot\node_modules\mysql\lib\protocol\sequences\Sequence.js:95:8),     at Protocol._parsePacket (C:\Users\Abcd\Desktop\freelancer\chatBot\node_modules\mysql\lib\protocol\Protocol.js:280:23),     at Parser.write (C:\Users\Abcd\Desktop\freelancer\chatBot\node_modules\mysql\lib\protocol\Parser.js:75:12),     at Protocol.write (C:\Users\Abcd\Desktop\freelancer\chatBot\node_modules\mysql\lib\protocol\Protocol.js:39:16)]
Sun Jul 16 2017 11:16:08 GMT+0530 (India Standard Time) - debug: [Utilities/MySQLManager.js] Initializing Pool with poolid ...1
Sun Jul 16 2017 11:16:08 GMT+0530 (India Standard Time) - debug: [Utilities/MySQLManager.js] Pool 1 Initialization completed.
Sun Jul 16 2017 11:16:33 GMT+0530 (India Standard Time) - debug: [Utilities/MySQLManager.js] Entering executeQuery. query insert into emailIds values(?). bindvars undefined
Sun Jul 16 2017 11:16:33 GMT+0530 (India Standard Time) - debug: [Utilities/MySQLManager.js] Inside getConnection of pool 1
Sun Jul 16 2017 11:16:33 GMT+0530 (India Standard Time) - debug: [Utilities/MySQLManager.js] Exiting executeQuery
Sun Jul 16 2017 11:16:33 GMT+0530 (India Standard Time) - debug: [Utilities/MySQLManager.js] Connection 35 acquired from pool 1
Sun Jul 16 2017 11:16:33 GMT+0530 (India Standard Time) - debug: [Utilities/MySQLManager.js] invoking callback after getting connection
Sun Jul 16 2017 11:16:33 GMT+0530 (India Standard Time) - debug: [Utilities/MySQLManager.js] got connection [object Object] inside executeQuery
Sun Jul 16 2017 11:16:33 GMT+0530 (India Standard Time) - debug: [Utilities/MySQLManager.js] Releasing connection back to the pool.insert into emailIds values(?)
Sun Jul 16 2017 11:16:33 GMT+0530 (India Standard Time) - debug: [Utilities/MySQLManager.js] Connection 35 released to pool 1
Sun Jul 16 2017 11:16:33 GMT+0530 (India Standard Time) - error: [Utilities/MySQLManager.js] Error executing query  Error: ER_PARSE_ERROR: You have an error in your SQL syntax; check the manual that corresponds to your MySQL server version for the right syntax to use near '?)' at line 1
    at Query.Sequence._packetToError (C:\Users\Abcd\Desktop\freelancer\chatBot\node_modules\mysql\lib\protocol\sequences\Sequence.js:52:14)
    at Query.ErrorPacket (C:\Users\Abcd\Desktop\freelancer\chatBot\node_modules\mysql\lib\protocol\sequences\Query.js:77:18)
    at Protocol._parsePacket (C:\Users\Abcd\Desktop\freelancer\chatBot\node_modules\mysql\lib\protocol\Protocol.js:280:23)
    at Parser.write (C:\Users\Abcd\Desktop\freelancer\chatBot\node_modules\mysql\lib\protocol\Parser.js:75:12)
    at Protocol.write (C:\Users\Abcd\Desktop\freelancer\chatBot\node_modules\mysql\lib\protocol\Protocol.js:39:16)
    at Socket.<anonymous> (C:\Users\Abcd\Desktop\freelancer\chatBot\node_modules\mysql\lib\Connection.js:103:28)
    at emitOne (events.js:96:13)
    at Socket.emit (events.js:188:7)
    at readableAddChunk (_stream_readable.js:176:18)
    at Socket.Readable.push (_stream_readable.js:134:10)
    --------------------
    at Protocol._enqueue (C:\Users\Abcd\Desktop\freelancer\chatBot\node_modules\mysql\lib\protocol\Protocol.js:141:48)
    at PoolConnection.query (C:\Users\Abcd\Desktop\freelancer\chatBot\node_modules\mysql\lib\Connection.js:208:25)
    at C:\Users\Abcd\Desktop\freelancer\chatBot\Utilities\MySQLManager.js:176:12
    at C:\Users\Abcd\Desktop\freelancer\chatBot\Utilities\MySQLManager.js:67:7
    at Handshake.onConnect (C:\Users\Abcd\Desktop\freelancer\chatBot\node_modules\mysql\lib\Pool.js:64:7)
    at Handshake.Sequence.end (C:\Users\Abcd\Desktop\freelancer\chatBot\node_modules\mysql\lib\protocol\sequences\Sequence.js:86:24)
    at Handshake.Sequence.OkPacket (C:\Users\Abcd\Desktop\freelancer\chatBot\node_modules\mysql\lib\protocol\sequences\Sequence.js:95:8)
    at Protocol._parsePacket (C:\Users\Abcd\Desktop\freelancer\chatBot\node_modules\mysql\lib\protocol\Protocol.js:280:23)
    at Parser.write (C:\Users\Abcd\Desktop\freelancer\chatBot\node_modules\mysql\lib\protocol\Parser.js:75:12)
    at Protocol.write (C:\Users\Abcd\Desktop\freelancer\chatBot\node_modules\mysql\lib\protocol\Protocol.js:39:16)
Sun Jul 16 2017 11:16:33 GMT+0530 (India Standard Time) - error: [Utilities/MySQLManager.js] uncaughtException: ER_PARSE_ERROR: You have an error in your SQL syntax; check the manual that corresponds to your MySQL server version for the right syntax to use near '?)' at line 1 date=Sun Jul 16 2017 11:16:33 GMT+0530 (India Standard Time), pid=9008, uid=null, gid=null, cwd=C:\Users\Abcd\Desktop\freelancer\chatBot, execPath=C:\Program Files\nodejs\node.exe, version=v6.10.0, argv=[C:\Program Files\nodejs\node.exe, C:\Users\Abcd\Desktop\freelancer\chatBot\ChatBotService.js], rss=31449088, heapTotal=17862656, heapUsed=13462624, external=120882, loadavg=[0, 0, 0], uptime=223641.5967288, trace=[column=14, file=C:\Users\Abcd\Desktop\freelancer\chatBot\node_modules\mysql\lib\protocol\sequences\Sequence.js, function=Query.Sequence._packetToError, line=52, method=_packetToError, native=false, column=18, file=C:\Users\Abcd\Desktop\freelancer\chatBot\node_modules\mysql\lib\protocol\sequences\Query.js, function=Query.ErrorPacket, line=77, method=ErrorPacket, native=false, column=23, file=C:\Users\Abcd\Desktop\freelancer\chatBot\node_modules\mysql\lib\protocol\Protocol.js, function=Protocol._parsePacket, line=280, method=_parsePacket, native=false, column=12, file=C:\Users\Abcd\Desktop\freelancer\chatBot\node_modules\mysql\lib\protocol\Parser.js, function=Parser.write, line=75, method=write, native=false, column=16, file=C:\Users\Abcd\Desktop\freelancer\chatBot\node_modules\mysql\lib\protocol\Protocol.js, function=Protocol.write, line=39, method=write, native=false, column=28, file=C:\Users\Abcd\Desktop\freelancer\chatBot\node_modules\mysql\lib\Connection.js, function=null, line=103, method=null, native=false, column=13, file=events.js, function=emitOne, line=96, method=null, native=false, column=7, file=events.js, function=Socket.emit, line=188, method=emit, native=false, column=18, file=_stream_readable.js, function=readableAddChunk, line=176, method=null, native=false, column=10, file=_stream_readable.js, function=Socket.Readable.push, line=134, method=push, native=false, column=null, file=    --------------------, function=null, line=null, method=null, native=null, column=48, file=C:\Users\Abcd\Desktop\freelancer\chatBot\node_modules\mysql\lib\protocol\Protocol.js, function=Protocol._enqueue, line=141, method=_enqueue, native=false, column=25, file=C:\Users\Abcd\Desktop\freelancer\chatBot\node_modules\mysql\lib\Connection.js, function=PoolConnection.query, line=208, method=query, native=false, column=12, file=C:\Users\Abcd\Desktop\freelancer\chatBot\Utilities\MySQLManager.js, function=null, line=176, method=null, native=false, column=7, file=C:\Users\Abcd\Desktop\freelancer\chatBot\Utilities\MySQLManager.js, function=null, line=67, method=null, native=false, column=7, file=C:\Users\Abcd\Desktop\freelancer\chatBot\node_modules\mysql\lib\Pool.js, function=Handshake.onConnect, line=64, method=onConnect, native=false, column=24, file=C:\Users\Abcd\Desktop\freelancer\chatBot\node_modules\mysql\lib\protocol\sequences\Sequence.js, function=Handshake.Sequence.end, line=86, method=end, native=false, column=8, file=C:\Users\Abcd\Desktop\freelancer\chatBot\node_modules\mysql\lib\protocol\sequences\Sequence.js, function=Handshake.Sequence.OkPacket, line=95, method=OkPacket, native=false, column=23, file=C:\Users\Abcd\Desktop\freelancer\chatBot\node_modules\mysql\lib\protocol\Protocol.js, function=Protocol._parsePacket, line=280, method=_parsePacket, native=false, column=12, file=C:\Users\Abcd\Desktop\freelancer\chatBot\node_modules\mysql\lib\protocol\Parser.js, function=Parser.write, line=75, method=write, native=false, column=16, file=C:\Users\Abcd\Desktop\freelancer\chatBot\node_modules\mysql\lib\protocol\Protocol.js, function=Protocol.write, line=39, method=write, native=false], stack=[Error: ER_PARSE_ERROR: You have an error in your SQL syntax; check the manual that corresponds to your MySQL server version for the right syntax to use near '?)' at line 1,     at Query.Sequence._packetToError (C:\Users\Abcd\Desktop\freelancer\chatBot\node_modules\mysql\lib\protocol\sequences\Sequence.js:52:14),     at Query.ErrorPacket (C:\Users\Abcd\Desktop\freelancer\chatBot\node_modules\mysql\lib\protocol\sequences\Query.js:77:18),     at Protocol._parsePacket (C:\Users\Abcd\Desktop\freelancer\chatBot\node_modules\mysql\lib\protocol\Protocol.js:280:23),     at Parser.write (C:\Users\Abcd\Desktop\freelancer\chatBot\node_modules\mysql\lib\protocol\Parser.js:75:12),     at Protocol.write (C:\Users\Abcd\Desktop\freelancer\chatBot\node_modules\mysql\lib\protocol\Protocol.js:39:16),     at Socket.<anonymous> (C:\Users\Abcd\Desktop\freelancer\chatBot\node_modules\mysql\lib\Connection.js:103:28),     at emitOne (events.js:96:13),     at Socket.emit (events.js:188:7),     at readableAddChunk (_stream_readable.js:176:18),     at Socket.Readable.push (_stream_readable.js:134:10),     --------------------,     at Protocol._enqueue (C:\Users\Abcd\Desktop\freelancer\chatBot\node_modules\mysql\lib\protocol\Protocol.js:141:48),     at PoolConnection.query (C:\Users\Abcd\Desktop\freelancer\chatBot\node_modules\mysql\lib\Connection.js:208:25),     at C:\Users\Abcd\Desktop\freelancer\chatBot\Utilities\MySQLManager.js:176:12,     at C:\Users\Abcd\Desktop\freelancer\chatBot\Utilities\MySQLManager.js:67:7,     at Handshake.onConnect (C:\Users\Abcd\Desktop\freelancer\chatBot\node_modules\mysql\lib\Pool.js:64:7),     at Handshake.Sequence.end (C:\Users\Abcd\Desktop\freelancer\chatBot\node_modules\mysql\lib\protocol\sequences\Sequence.js:86:24),     at Handshake.Sequence.OkPacket (C:\Users\Abcd\Desktop\freelancer\chatBot\node_modules\mysql\lib\protocol\sequences\Sequence.js:95:8),     at Protocol._parsePacket (C:\Users\Abcd\Desktop\freelancer\chatBot\node_modules\mysql\lib\protocol\Protocol.js:280:23),     at Parser.write (C:\Users\Abcd\Desktop\freelancer\chatBot\node_modules\mysql\lib\protocol\Parser.js:75:12),     at Protocol.write (C:\Users\Abcd\Desktop\freelancer\chatBot\node_modules\mysql\lib\protocol\Protocol.js:39:16)]
Sun Jul 16 2017 11:17:19 GMT+0530 (India Standard Time) - debug: [Utilities/MySQLManager.js] Initializing Pool with poolid ...1
Sun Jul 16 2017 11:17:19 GMT+0530 (India Standard Time) - debug: [Utilities/MySQLManager.js] Pool 1 Initialization completed.
Sun Jul 16 2017 11:17:39 GMT+0530 (India Standard Time) - debug: [Utilities/MySQLManager.js] Entering executeQuery. query insert into emailIds values(?). bindvars undefined
Sun Jul 16 2017 11:17:39 GMT+0530 (India Standard Time) - debug: [Utilities/MySQLManager.js] Inside getConnection of pool 1
Sun Jul 16 2017 11:17:39 GMT+0530 (India Standard Time) - debug: [Utilities/MySQLManager.js] Exiting executeQuery
Sun Jul 16 2017 11:17:39 GMT+0530 (India Standard Time) - debug: [Utilities/MySQLManager.js] Connection 36 acquired from pool 1
Sun Jul 16 2017 11:17:39 GMT+0530 (India Standard Time) - debug: [Utilities/MySQLManager.js] invoking callback after getting connection
Sun Jul 16 2017 11:17:39 GMT+0530 (India Standard Time) - debug: [Utilities/MySQLManager.js] got connection [object Object] inside executeQuery
Sun Jul 16 2017 11:17:39 GMT+0530 (India Standard Time) - debug: [Utilities/MySQLManager.js] Releasing connection back to the pool.insert into emailIds values(?)
Sun Jul 16 2017 11:17:39 GMT+0530 (India Standard Time) - debug: [Utilities/MySQLManager.js] Connection 36 released to pool 1
Sun Jul 16 2017 11:17:39 GMT+0530 (India Standard Time) - error: [Utilities/MySQLManager.js] Error executing query  Error: ER_PARSE_ERROR: You have an error in your SQL syntax; check the manual that corresponds to your MySQL server version for the right syntax to use near '?)' at line 1
    at Query.Sequence._packetToError (C:\Users\Abcd\Desktop\freelancer\chatBot\node_modules\mysql\lib\protocol\sequences\Sequence.js:52:14)
    at Query.ErrorPacket (C:\Users\Abcd\Desktop\freelancer\chatBot\node_modules\mysql\lib\protocol\sequences\Query.js:77:18)
    at Protocol._parsePacket (C:\Users\Abcd\Desktop\freelancer\chatBot\node_modules\mysql\lib\protocol\Protocol.js:280:23)
    at Parser.write (C:\Users\Abcd\Desktop\freelancer\chatBot\node_modules\mysql\lib\protocol\Parser.js:75:12)
    at Protocol.write (C:\Users\Abcd\Desktop\freelancer\chatBot\node_modules\mysql\lib\protocol\Protocol.js:39:16)
    at Socket.<anonymous> (C:\Users\Abcd\Desktop\freelancer\chatBot\node_modules\mysql\lib\Connection.js:103:28)
    at emitOne (events.js:96:13)
    at Socket.emit (events.js:188:7)
    at readableAddChunk (_stream_readable.js:176:18)
    at Socket.Readable.push (_stream_readable.js:134:10)
    --------------------
    at Protocol._enqueue (C:\Users\Abcd\Desktop\freelancer\chatBot\node_modules\mysql\lib\protocol\Protocol.js:141:48)
    at PoolConnection.query (C:\Users\Abcd\Desktop\freelancer\chatBot\node_modules\mysql\lib\Connection.js:208:25)
    at C:\Users\Abcd\Desktop\freelancer\chatBot\Utilities\MySQLManager.js:176:12
    at C:\Users\Abcd\Desktop\freelancer\chatBot\Utilities\MySQLManager.js:67:7
    at Handshake.onConnect (C:\Users\Abcd\Desktop\freelancer\chatBot\node_modules\mysql\lib\Pool.js:64:7)
    at Handshake.Sequence.end (C:\Users\Abcd\Desktop\freelancer\chatBot\node_modules\mysql\lib\protocol\sequences\Sequence.js:86:24)
    at Handshake.Sequence.OkPacket (C:\Users\Abcd\Desktop\freelancer\chatBot\node_modules\mysql\lib\protocol\sequences\Sequence.js:95:8)
    at Protocol._parsePacket (C:\Users\Abcd\Desktop\freelancer\chatBot\node_modules\mysql\lib\protocol\Protocol.js:280:23)
    at Parser.write (C:\Users\Abcd\Desktop\freelancer\chatBot\node_modules\mysql\lib\protocol\Parser.js:75:12)
    at Protocol.write (C:\Users\Abcd\Desktop\freelancer\chatBot\node_modules\mysql\lib\protocol\Protocol.js:39:16)
Sun Jul 16 2017 11:17:39 GMT+0530 (India Standard Time) - error: [Utilities/MySQLManager.js] uncaughtException: ER_PARSE_ERROR: You have an error in your SQL syntax; check the manual that corresponds to your MySQL server version for the right syntax to use near '?)' at line 1 date=Sun Jul 16 2017 11:17:39 GMT+0530 (India Standard Time), pid=8964, uid=null, gid=null, cwd=C:\Users\Abcd\Desktop\freelancer\chatBot, execPath=C:\Program Files\nodejs\node.exe, version=v6.10.0, argv=[C:\Program Files\nodejs\node.exe, C:\Users\Abcd\Desktop\freelancer\chatBot\ChatBotService.js], rss=31207424, heapTotal=16814080, heapUsed=13480768, external=449577, loadavg=[0, 0, 0], uptime=223708.3884266, trace=[column=14, file=C:\Users\Abcd\Desktop\freelancer\chatBot\node_modules\mysql\lib\protocol\sequences\Sequence.js, function=Query.Sequence._packetToError, line=52, method=_packetToError, native=false, column=18, file=C:\Users\Abcd\Desktop\freelancer\chatBot\node_modules\mysql\lib\protocol\sequences\Query.js, function=Query.ErrorPacket, line=77, method=ErrorPacket, native=false, column=23, file=C:\Users\Abcd\Desktop\freelancer\chatBot\node_modules\mysql\lib\protocol\Protocol.js, function=Protocol._parsePacket, line=280, method=_parsePacket, native=false, column=12, file=C:\Users\Abcd\Desktop\freelancer\chatBot\node_modules\mysql\lib\protocol\Parser.js, function=Parser.write, line=75, method=write, native=false, column=16, file=C:\Users\Abcd\Desktop\freelancer\chatBot\node_modules\mysql\lib\protocol\Protocol.js, function=Protocol.write, line=39, method=write, native=false, column=28, file=C:\Users\Abcd\Desktop\freelancer\chatBot\node_modules\mysql\lib\Connection.js, function=null, line=103, method=null, native=false, column=13, file=events.js, function=emitOne, line=96, method=null, native=false, column=7, file=events.js, function=Socket.emit, line=188, method=emit, native=false, column=18, file=_stream_readable.js, function=readableAddChunk, line=176, method=null, native=false, column=10, file=_stream_readable.js, function=Socket.Readable.push, line=134, method=push, native=false, column=null, file=    --------------------, function=null, line=null, method=null, native=null, column=48, file=C:\Users\Abcd\Desktop\freelancer\chatBot\node_modules\mysql\lib\protocol\Protocol.js, function=Protocol._enqueue, line=141, method=_enqueue, native=false, column=25, file=C:\Users\Abcd\Desktop\freelancer\chatBot\node_modules\mysql\lib\Connection.js, function=PoolConnection.query, line=208, method=query, native=false, column=12, file=C:\Users\Abcd\Desktop\freelancer\chatBot\Utilities\MySQLManager.js, function=null, line=176, method=null, native=false, column=7, file=C:\Users\Abcd\Desktop\freelancer\chatBot\Utilities\MySQLManager.js, function=null, line=67, method=null, native=false, column=7, file=C:\Users\Abcd\Desktop\freelancer\chatBot\node_modules\mysql\lib\Pool.js, function=Handshake.onConnect, line=64, method=onConnect, native=false, column=24, file=C:\Users\Abcd\Desktop\freelancer\chatBot\node_modules\mysql\lib\protocol\sequences\Sequence.js, function=Handshake.Sequence.end, line=86, method=end, native=false, column=8, file=C:\Users\Abcd\Desktop\freelancer\chatBot\node_modules\mysql\lib\protocol\sequences\Sequence.js, function=Handshake.Sequence.OkPacket, line=95, method=OkPacket, native=false, column=23, file=C:\Users\Abcd\Desktop\freelancer\chatBot\node_modules\mysql\lib\protocol\Protocol.js, function=Protocol._parsePacket, line=280, method=_parsePacket, native=false, column=12, file=C:\Users\Abcd\Desktop\freelancer\chatBot\node_modules\mysql\lib\protocol\Parser.js, function=Parser.write, line=75, method=write, native=false, column=16, file=C:\Users\Abcd\Desktop\freelancer\chatBot\node_modules\mysql\lib\protocol\Protocol.js, function=Protocol.write, line=39, method=write, native=false], stack=[Error: ER_PARSE_ERROR: You have an error in your SQL syntax; check the manual that corresponds to your MySQL server version for the right syntax to use near '?)' at line 1,     at Query.Sequence._packetToError (C:\Users\Abcd\Desktop\freelancer\chatBot\node_modules\mysql\lib\protocol\sequences\Sequence.js:52:14),     at Query.ErrorPacket (C:\Users\Abcd\Desktop\freelancer\chatBot\node_modules\mysql\lib\protocol\sequences\Query.js:77:18),     at Protocol._parsePacket (C:\Users\Abcd\Desktop\freelancer\chatBot\node_modules\mysql\lib\protocol\Protocol.js:280:23),     at Parser.write (C:\Users\Abcd\Desktop\freelancer\chatBot\node_modules\mysql\lib\protocol\Parser.js:75:12),     at Protocol.write (C:\Users\Abcd\Desktop\freelancer\chatBot\node_modules\mysql\lib\protocol\Protocol.js:39:16),     at Socket.<anonymous> (C:\Users\Abcd\Desktop\freelancer\chatBot\node_modules\mysql\lib\Connection.js:103:28),     at emitOne (events.js:96:13),     at Socket.emit (events.js:188:7),     at readableAddChunk (_stream_readable.js:176:18),     at Socket.Readable.push (_stream_readable.js:134:10),     --------------------,     at Protocol._enqueue (C:\Users\Abcd\Desktop\freelancer\chatBot\node_modules\mysql\lib\protocol\Protocol.js:141:48),     at PoolConnection.query (C:\Users\Abcd\Desktop\freelancer\chatBot\node_modules\mysql\lib\Connection.js:208:25),     at C:\Users\Abcd\Desktop\freelancer\chatBot\Utilities\MySQLManager.js:176:12,     at C:\Users\Abcd\Desktop\freelancer\chatBot\Utilities\MySQLManager.js:67:7,     at Handshake.onConnect (C:\Users\Abcd\Desktop\freelancer\chatBot\node_modules\mysql\lib\Pool.js:64:7),     at Handshake.Sequence.end (C:\Users\Abcd\Desktop\freelancer\chatBot\node_modules\mysql\lib\protocol\sequences\Sequence.js:86:24),     at Handshake.Sequence.OkPacket (C:\Users\Abcd\Desktop\freelancer\chatBot\node_modules\mysql\lib\protocol\sequences\Sequence.js:95:8),     at Protocol._parsePacket (C:\Users\Abcd\Desktop\freelancer\chatBot\node_modules\mysql\lib\protocol\Protocol.js:280:23),     at Parser.write (C:\Users\Abcd\Desktop\freelancer\chatBot\node_modules\mysql\lib\protocol\Parser.js:75:12),     at Protocol.write (C:\Users\Abcd\Desktop\freelancer\chatBot\node_modules\mysql\lib\protocol\Protocol.js:39:16)]
Sun Jul 16 2017 11:20:03 GMT+0530 (India Standard Time) - debug: [Utilities/MySQLManager.js] Initializing Pool with poolid ...1
Sun Jul 16 2017 11:20:03 GMT+0530 (India Standard Time) - debug: [Utilities/MySQLManager.js] Pool 1 Initialization completed.
Sun Jul 16 2017 11:20:39 GMT+0530 (India Standard Time) - debug: [Utilities/MySQLManager.js] Initializing Pool with poolid ...1
Sun Jul 16 2017 11:20:39 GMT+0530 (India Standard Time) - debug: [Utilities/MySQLManager.js] Pool 1 Initialization completed.
Sun Jul 16 2017 11:21:01 GMT+0530 (India Standard Time) - debug: [Utilities/MySQLManager.js] Entering executeQuery. query insert into emailIds values(?). bindvars undefined
Sun Jul 16 2017 11:21:01 GMT+0530 (India Standard Time) - debug: [Utilities/MySQLManager.js] Inside getConnection of pool 1
Sun Jul 16 2017 11:21:01 GMT+0530 (India Standard Time) - debug: [Utilities/MySQLManager.js] Exiting executeQuery
Sun Jul 16 2017 11:21:01 GMT+0530 (India Standard Time) - debug: [Utilities/MySQLManager.js] Connection 37 acquired from pool 1
Sun Jul 16 2017 11:21:01 GMT+0530 (India Standard Time) - debug: [Utilities/MySQLManager.js] invoking callback after getting connection
Sun Jul 16 2017 11:21:01 GMT+0530 (India Standard Time) - debug: [Utilities/MySQLManager.js] got connection [object Object] inside executeQuery
Sun Jul 16 2017 11:21:01 GMT+0530 (India Standard Time) - debug: [Utilities/MySQLManager.js] Releasing connection back to the pool.insert into emailIds values(?)
Sun Jul 16 2017 11:21:01 GMT+0530 (India Standard Time) - debug: [Utilities/MySQLManager.js] Connection 37 released to pool 1
Sun Jul 16 2017 11:21:01 GMT+0530 (India Standard Time) - error: [Utilities/MySQLManager.js] Error executing query  Error: ER_PARSE_ERROR: You have an error in your SQL syntax; check the manual that corresponds to your MySQL server version for the right syntax to use near '?)' at line 1
    at Query.Sequence._packetToError (C:\Users\Abcd\Desktop\freelancer\chatBot\node_modules\mysql\lib\protocol\sequences\Sequence.js:52:14)
    at Query.ErrorPacket (C:\Users\Abcd\Desktop\freelancer\chatBot\node_modules\mysql\lib\protocol\sequences\Query.js:77:18)
    at Protocol._parsePacket (C:\Users\Abcd\Desktop\freelancer\chatBot\node_modules\mysql\lib\protocol\Protocol.js:280:23)
    at Parser.write (C:\Users\Abcd\Desktop\freelancer\chatBot\node_modules\mysql\lib\protocol\Parser.js:75:12)
    at Protocol.write (C:\Users\Abcd\Desktop\freelancer\chatBot\node_modules\mysql\lib\protocol\Protocol.js:39:16)
    at Socket.<anonymous> (C:\Users\Abcd\Desktop\freelancer\chatBot\node_modules\mysql\lib\Connection.js:103:28)
    at emitOne (events.js:96:13)
    at Socket.emit (events.js:188:7)
    at readableAddChunk (_stream_readable.js:176:18)
    at Socket.Readable.push (_stream_readable.js:134:10)
    --------------------
    at Protocol._enqueue (C:\Users\Abcd\Desktop\freelancer\chatBot\node_modules\mysql\lib\protocol\Protocol.js:141:48)
    at PoolConnection.query (C:\Users\Abcd\Desktop\freelancer\chatBot\node_modules\mysql\lib\Connection.js:208:25)
    at C:\Users\Abcd\Desktop\freelancer\chatBot\Utilities\MySQLManager.js:176:12
    at C:\Users\Abcd\Desktop\freelancer\chatBot\Utilities\MySQLManager.js:67:7
    at Handshake.onConnect (C:\Users\Abcd\Desktop\freelancer\chatBot\node_modules\mysql\lib\Pool.js:64:7)
    at Handshake.Sequence.end (C:\Users\Abcd\Desktop\freelancer\chatBot\node_modules\mysql\lib\protocol\sequences\Sequence.js:86:24)
    at Handshake.Sequence.OkPacket (C:\Users\Abcd\Desktop\freelancer\chatBot\node_modules\mysql\lib\protocol\sequences\Sequence.js:95:8)
    at Protocol._parsePacket (C:\Users\Abcd\Desktop\freelancer\chatBot\node_modules\mysql\lib\protocol\Protocol.js:280:23)
    at Parser.write (C:\Users\Abcd\Desktop\freelancer\chatBot\node_modules\mysql\lib\protocol\Parser.js:75:12)
    at Protocol.write (C:\Users\Abcd\Desktop\freelancer\chatBot\node_modules\mysql\lib\protocol\Protocol.js:39:16)
Sun Jul 16 2017 11:21:01 GMT+0530 (India Standard Time) - error: [Utilities/MySQLManager.js] uncaughtException: ER_PARSE_ERROR: You have an error in your SQL syntax; check the manual that corresponds to your MySQL server version for the right syntax to use near '?)' at line 1 date=Sun Jul 16 2017 11:21:01 GMT+0530 (India Standard Time), pid=9488, uid=null, gid=null, cwd=C:\Users\Abcd\Desktop\freelancer\chatBot, execPath=C:\Program Files\nodejs\node.exe, version=v6.10.0, argv=[C:\Program Files\nodejs\node.exe, C:\Users\Abcd\Desktop\freelancer\chatBot\ChatBotService.js], rss=31084544, heapTotal=17862656, heapUsed=13350200, external=109862, loadavg=[0, 0, 0], uptime=223910.1970892, trace=[column=14, file=C:\Users\Abcd\Desktop\freelancer\chatBot\node_modules\mysql\lib\protocol\sequences\Sequence.js, function=Query.Sequence._packetToError, line=52, method=_packetToError, native=false, column=18, file=C:\Users\Abcd\Desktop\freelancer\chatBot\node_modules\mysql\lib\protocol\sequences\Query.js, function=Query.ErrorPacket, line=77, method=ErrorPacket, native=false, column=23, file=C:\Users\Abcd\Desktop\freelancer\chatBot\node_modules\mysql\lib\protocol\Protocol.js, function=Protocol._parsePacket, line=280, method=_parsePacket, native=false, column=12, file=C:\Users\Abcd\Desktop\freelancer\chatBot\node_modules\mysql\lib\protocol\Parser.js, function=Parser.write, line=75, method=write, native=false, column=16, file=C:\Users\Abcd\Desktop\freelancer\chatBot\node_modules\mysql\lib\protocol\Protocol.js, function=Protocol.write, line=39, method=write, native=false, column=28, file=C:\Users\Abcd\Desktop\freelancer\chatBot\node_modules\mysql\lib\Connection.js, function=null, line=103, method=null, native=false, column=13, file=events.js, function=emitOne, line=96, method=null, native=false, column=7, file=events.js, function=Socket.emit, line=188, method=emit, native=false, column=18, file=_stream_readable.js, function=readableAddChunk, line=176, method=null, native=false, column=10, file=_stream_readable.js, function=Socket.Readable.push, line=134, method=push, native=false, column=null, file=    --------------------, function=null, line=null, method=null, native=null, column=48, file=C:\Users\Abcd\Desktop\freelancer\chatBot\node_modules\mysql\lib\protocol\Protocol.js, function=Protocol._enqueue, line=141, method=_enqueue, native=false, column=25, file=C:\Users\Abcd\Desktop\freelancer\chatBot\node_modules\mysql\lib\Connection.js, function=PoolConnection.query, line=208, method=query, native=false, column=12, file=C:\Users\Abcd\Desktop\freelancer\chatBot\Utilities\MySQLManager.js, function=null, line=176, method=null, native=false, column=7, file=C:\Users\Abcd\Desktop\freelancer\chatBot\Utilities\MySQLManager.js, function=null, line=67, method=null, native=false, column=7, file=C:\Users\Abcd\Desktop\freelancer\chatBot\node_modules\mysql\lib\Pool.js, function=Handshake.onConnect, line=64, method=onConnect, native=false, column=24, file=C:\Users\Abcd\Desktop\freelancer\chatBot\node_modules\mysql\lib\protocol\sequences\Sequence.js, function=Handshake.Sequence.end, line=86, method=end, native=false, column=8, file=C:\Users\Abcd\Desktop\freelancer\chatBot\node_modules\mysql\lib\protocol\sequences\Sequence.js, function=Handshake.Sequence.OkPacket, line=95, method=OkPacket, native=false, column=23, file=C:\Users\Abcd\Desktop\freelancer\chatBot\node_modules\mysql\lib\protocol\Protocol.js, function=Protocol._parsePacket, line=280, method=_parsePacket, native=false, column=12, file=C:\Users\Abcd\Desktop\freelancer\chatBot\node_modules\mysql\lib\protocol\Parser.js, function=Parser.write, line=75, method=write, native=false, column=16, file=C:\Users\Abcd\Desktop\freelancer\chatBot\node_modules\mysql\lib\protocol\Protocol.js, function=Protocol.write, line=39, method=write, native=false], stack=[Error: ER_PARSE_ERROR: You have an error in your SQL syntax; check the manual that corresponds to your MySQL server version for the right syntax to use near '?)' at line 1,     at Query.Sequence._packetToError (C:\Users\Abcd\Desktop\freelancer\chatBot\node_modules\mysql\lib\protocol\sequences\Sequence.js:52:14),     at Query.ErrorPacket (C:\Users\Abcd\Desktop\freelancer\chatBot\node_modules\mysql\lib\protocol\sequences\Query.js:77:18),     at Protocol._parsePacket (C:\Users\Abcd\Desktop\freelancer\chatBot\node_modules\mysql\lib\protocol\Protocol.js:280:23),     at Parser.write (C:\Users\Abcd\Desktop\freelancer\chatBot\node_modules\mysql\lib\protocol\Parser.js:75:12),     at Protocol.write (C:\Users\Abcd\Desktop\freelancer\chatBot\node_modules\mysql\lib\protocol\Protocol.js:39:16),     at Socket.<anonymous> (C:\Users\Abcd\Desktop\freelancer\chatBot\node_modules\mysql\lib\Connection.js:103:28),     at emitOne (events.js:96:13),     at Socket.emit (events.js:188:7),     at readableAddChunk (_stream_readable.js:176:18),     at Socket.Readable.push (_stream_readable.js:134:10),     --------------------,     at Protocol._enqueue (C:\Users\Abcd\Desktop\freelancer\chatBot\node_modules\mysql\lib\protocol\Protocol.js:141:48),     at PoolConnection.query (C:\Users\Abcd\Desktop\freelancer\chatBot\node_modules\mysql\lib\Connection.js:208:25),     at C:\Users\Abcd\Desktop\freelancer\chatBot\Utilities\MySQLManager.js:176:12,     at C:\Users\Abcd\Desktop\freelancer\chatBot\Utilities\MySQLManager.js:67:7,     at Handshake.onConnect (C:\Users\Abcd\Desktop\freelancer\chatBot\node_modules\mysql\lib\Pool.js:64:7),     at Handshake.Sequence.end (C:\Users\Abcd\Desktop\freelancer\chatBot\node_modules\mysql\lib\protocol\sequences\Sequence.js:86:24),     at Handshake.Sequence.OkPacket (C:\Users\Abcd\Desktop\freelancer\chatBot\node_modules\mysql\lib\protocol\sequences\Sequence.js:95:8),     at Protocol._parsePacket (C:\Users\Abcd\Desktop\freelancer\chatBot\node_modules\mysql\lib\protocol\Protocol.js:280:23),     at Parser.write (C:\Users\Abcd\Desktop\freelancer\chatBot\node_modules\mysql\lib\protocol\Parser.js:75:12),     at Protocol.write (C:\Users\Abcd\Desktop\freelancer\chatBot\node_modules\mysql\lib\protocol\Protocol.js:39:16)]
Sun Jul 16 2017 11:24:29 GMT+0530 (India Standard Time) - debug: [Utilities/MySQLManager.js] Initializing Pool with poolid ...1
Sun Jul 16 2017 11:24:29 GMT+0530 (India Standard Time) - debug: [Utilities/MySQLManager.js] Pool 1 Initialization completed.
Sun Jul 16 2017 11:25:25 GMT+0530 (India Standard Time) - debug: [Utilities/MySQLManager.js] Entering executeQuery. query insert into emailIds values(?). bindvars pavan@gmail.com
Sun Jul 16 2017 11:25:25 GMT+0530 (India Standard Time) - debug: [Utilities/MySQLManager.js] Inside getConnection of pool 1
Sun Jul 16 2017 11:25:25 GMT+0530 (India Standard Time) - debug: [Utilities/MySQLManager.js] Exiting executeQuery
Sun Jul 16 2017 11:25:25 GMT+0530 (India Standard Time) - debug: [Utilities/MySQLManager.js] Connection 38 acquired from pool 1
Sun Jul 16 2017 11:25:25 GMT+0530 (India Standard Time) - debug: [Utilities/MySQLManager.js] invoking callback after getting connection
Sun Jul 16 2017 11:25:25 GMT+0530 (India Standard Time) - debug: [Utilities/MySQLManager.js] got connection [object Object] inside executeQuery
Sun Jul 16 2017 11:25:25 GMT+0530 (India Standard Time) - debug: [Utilities/MySQLManager.js] Releasing connection back to the pool.insert into emailIds values(?)
Sun Jul 16 2017 11:25:25 GMT+0530 (India Standard Time) - debug: [Utilities/MySQLManager.js] Connection 38 released to pool 1
Sun Jul 16 2017 11:25:25 GMT+0530 (India Standard Time) - debug: [Utilities/MySQLManager.js] got undefined results after executing query [object Object]
Sun Jul 16 2017 11:27:14 GMT+0530 (India Standard Time) - debug: [Utilities/MySQLManager.js] Entering executeQuery. query insert into emailIds values(?). bindvars test123@gmail.com
Sun Jul 16 2017 11:27:14 GMT+0530 (India Standard Time) - debug: [Utilities/MySQLManager.js] Inside getConnection of pool 1
Sun Jul 16 2017 11:27:14 GMT+0530 (India Standard Time) - debug: [Utilities/MySQLManager.js] Exiting executeQuery
Sun Jul 16 2017 11:27:14 GMT+0530 (India Standard Time) - debug: [Utilities/MySQLManager.js] Connection 38 acquired from pool 1
Sun Jul 16 2017 11:27:14 GMT+0530 (India Standard Time) - debug: [Utilities/MySQLManager.js] invoking callback after getting connection
Sun Jul 16 2017 11:27:14 GMT+0530 (India Standard Time) - debug: [Utilities/MySQLManager.js] got connection [object Object] inside executeQuery
Sun Jul 16 2017 11:27:14 GMT+0530 (India Standard Time) - debug: [Utilities/MySQLManager.js] Releasing connection back to the pool.insert into emailIds values(?)
Sun Jul 16 2017 11:27:14 GMT+0530 (India Standard Time) - debug: [Utilities/MySQLManager.js] Connection 38 released to pool 1
Sun Jul 16 2017 11:27:14 GMT+0530 (India Standard Time) - debug: [Utilities/MySQLManager.js] got undefined results after executing query [object Object]
Sun Jul 16 2017 11:27:50 GMT+0530 (India Standard Time) - debug: [Utilities/MySQLManager.js] Entering executeQuery. query insert into emailIds values(?). bindvars pavan@yahoo.com
Sun Jul 16 2017 11:27:50 GMT+0530 (India Standard Time) - debug: [Utilities/MySQLManager.js] Inside getConnection of pool 1
Sun Jul 16 2017 11:27:50 GMT+0530 (India Standard Time) - debug: [Utilities/MySQLManager.js] Exiting executeQuery
Sun Jul 16 2017 11:27:50 GMT+0530 (India Standard Time) - debug: [Utilities/MySQLManager.js] Connection 38 acquired from pool 1
Sun Jul 16 2017 11:27:50 GMT+0530 (India Standard Time) - debug: [Utilities/MySQLManager.js] invoking callback after getting connection
Sun Jul 16 2017 11:27:50 GMT+0530 (India Standard Time) - debug: [Utilities/MySQLManager.js] got connection [object Object] inside executeQuery
Sun Jul 16 2017 11:27:50 GMT+0530 (India Standard Time) - debug: [Utilities/MySQLManager.js] Releasing connection back to the pool.insert into emailIds values(?)
Sun Jul 16 2017 11:27:50 GMT+0530 (India Standard Time) - debug: [Utilities/MySQLManager.js] Connection 38 released to pool 1
Sun Jul 16 2017 11:27:51 GMT+0530 (India Standard Time) - debug: [Utilities/MySQLManager.js] got undefined results after executing query [object Object]
Sun Jul 16 2017 11:28:24 GMT+0530 (India Standard Time) - debug: [Utilities/MySQLManager.js] Entering executeQuery. query insert into emailIds values(?). bindvars kumar@gmail.com
Sun Jul 16 2017 11:28:24 GMT+0530 (India Standard Time) - debug: [Utilities/MySQLManager.js] Inside getConnection of pool 1
Sun Jul 16 2017 11:28:24 GMT+0530 (India Standard Time) - debug: [Utilities/MySQLManager.js] Exiting executeQuery
Sun Jul 16 2017 11:28:24 GMT+0530 (India Standard Time) - debug: [Utilities/MySQLManager.js] Connection 38 acquired from pool 1
Sun Jul 16 2017 11:28:24 GMT+0530 (India Standard Time) - debug: [Utilities/MySQLManager.js] invoking callback after getting connection
Sun Jul 16 2017 11:28:24 GMT+0530 (India Standard Time) - debug: [Utilities/MySQLManager.js] got connection [object Object] inside executeQuery
Sun Jul 16 2017 11:28:24 GMT+0530 (India Standard Time) - debug: [Utilities/MySQLManager.js] Releasing connection back to the pool.insert into emailIds values(?)
Sun Jul 16 2017 11:28:24 GMT+0530 (India Standard Time) - debug: [Utilities/MySQLManager.js] Connection 38 released to pool 1
Sun Jul 16 2017 11:28:25 GMT+0530 (India Standard Time) - debug: [Utilities/MySQLManager.js] got undefined results after executing query [object Object]
Sun Jul 16 2017 11:34:51 GMT+0530 (India Standard Time) - debug: [Utilities/MySQLManager.js] Entering executeQuery. query insert into emailIds values(?). bindvars pava@gmail.com
Sun Jul 16 2017 11:34:51 GMT+0530 (India Standard Time) - debug: [Utilities/MySQLManager.js] Inside getConnection of pool 1
Sun Jul 16 2017 11:34:51 GMT+0530 (India Standard Time) - debug: [Utilities/MySQLManager.js] Exiting executeQuery
Sun Jul 16 2017 11:34:51 GMT+0530 (India Standard Time) - debug: [Utilities/MySQLManager.js] Connection 38 acquired from pool 1
Sun Jul 16 2017 11:34:51 GMT+0530 (India Standard Time) - debug: [Utilities/MySQLManager.js] invoking callback after getting connection
Sun Jul 16 2017 11:34:51 GMT+0530 (India Standard Time) - debug: [Utilities/MySQLManager.js] got connection [object Object] inside executeQuery
Sun Jul 16 2017 11:34:51 GMT+0530 (India Standard Time) - debug: [Utilities/MySQLManager.js] Releasing connection back to the pool.insert into emailIds values(?)
Sun Jul 16 2017 11:34:51 GMT+0530 (India Standard Time) - debug: [Utilities/MySQLManager.js] Connection 38 released to pool 1
Sun Jul 16 2017 11:34:52 GMT+0530 (India Standard Time) - debug: [Utilities/MySQLManager.js] got undefined results after executing query [object Object]
Sun Jul 16 2017 11:35:46 GMT+0530 (India Standard Time) - debug: [Utilities/MySQLManager.js] Entering executeQuery. query insert into emailIds values(?). bindvars pavan@gmail.com
Sun Jul 16 2017 11:35:46 GMT+0530 (India Standard Time) - debug: [Utilities/MySQLManager.js] Inside getConnection of pool 1
Sun Jul 16 2017 11:35:46 GMT+0530 (India Standard Time) - debug: [Utilities/MySQLManager.js] Exiting executeQuery
Sun Jul 16 2017 11:35:46 GMT+0530 (India Standard Time) - debug: [Utilities/MySQLManager.js] Connection 38 acquired from pool 1
Sun Jul 16 2017 11:35:46 GMT+0530 (India Standard Time) - debug: [Utilities/MySQLManager.js] invoking callback after getting connection
Sun Jul 16 2017 11:35:46 GMT+0530 (India Standard Time) - debug: [Utilities/MySQLManager.js] got connection [object Object] inside executeQuery
Sun Jul 16 2017 11:35:46 GMT+0530 (India Standard Time) - debug: [Utilities/MySQLManager.js] Releasing connection back to the pool.insert into emailIds values(?)
Sun Jul 16 2017 11:35:46 GMT+0530 (India Standard Time) - debug: [Utilities/MySQLManager.js] Connection 38 released to pool 1
Sun Jul 16 2017 11:35:46 GMT+0530 (India Standard Time) - debug: [Utilities/MySQLManager.js] got undefined results after executing query [object Object]
Sun Jul 16 2017 11:39:46 GMT+0530 (India Standard Time) - debug: [Utilities/MySQLManager.js] Entering executeQuery. query insert into emailIds values(?). bindvars pavan@gmail.com
Sun Jul 16 2017 11:39:46 GMT+0530 (India Standard Time) - debug: [Utilities/MySQLManager.js] Inside getConnection of pool 1
Sun Jul 16 2017 11:39:46 GMT+0530 (India Standard Time) - debug: [Utilities/MySQLManager.js] Exiting executeQuery
Sun Jul 16 2017 11:39:46 GMT+0530 (India Standard Time) - debug: [Utilities/MySQLManager.js] Connection 38 acquired from pool 1
Sun Jul 16 2017 11:39:46 GMT+0530 (India Standard Time) - debug: [Utilities/MySQLManager.js] invoking callback after getting connection
Sun Jul 16 2017 11:39:46 GMT+0530 (India Standard Time) - debug: [Utilities/MySQLManager.js] got connection [object Object] inside executeQuery
Sun Jul 16 2017 11:39:46 GMT+0530 (India Standard Time) - debug: [Utilities/MySQLManager.js] Releasing connection back to the pool.insert into emailIds values(?)
Sun Jul 16 2017 11:39:46 GMT+0530 (India Standard Time) - debug: [Utilities/MySQLManager.js] Connection 38 released to pool 1
Sun Jul 16 2017 11:39:46 GMT+0530 (India Standard Time) - debug: [Utilities/MySQLManager.js] got undefined results after executing query [object Object]
Sun Jul 16 2017 11:40:46 GMT+0530 (India Standard Time) - debug: [Utilities/MySQLManager.js] Initializing Pool with poolid ...1
Sun Jul 16 2017 11:40:46 GMT+0530 (India Standard Time) - debug: [Utilities/MySQLManager.js] Pool 1 Initialization completed.
Sun Jul 16 2017 11:41:30 GMT+0530 (India Standard Time) - debug: [Utilities/MySQLManager.js] Initializing Pool with poolid ...1
Sun Jul 16 2017 11:41:30 GMT+0530 (India Standard Time) - debug: [Utilities/MySQLManager.js] Pool 1 Initialization completed.
Sun Jul 16 2017 11:58:59 GMT+0530 (India Standard Time) - debug: [Utilities/MySQLManager.js] Initializing Pool with poolid ...1
Sun Jul 16 2017 11:58:59 GMT+0530 (India Standard Time) - debug: [Utilities/MySQLManager.js] Pool 1 Initialization completed.
Sun Jul 16 2017 12:02:56 GMT+0530 (India Standard Time) - debug: [Utilities/MySQLManager.js] Initializing Pool with poolid ...1
Sun Jul 16 2017 12:02:56 GMT+0530 (India Standard Time) - debug: [Utilities/MySQLManager.js] Pool 1 Initialization completed.
Sun Jul 16 2017 12:03:43 GMT+0530 (India Standard Time) - debug: [Utilities/MySQLManager.js] Initializing Pool with poolid ...1
Sun Jul 16 2017 12:03:43 GMT+0530 (India Standard Time) - debug: [Utilities/MySQLManager.js] Pool 1 Initialization completed.
Sun Jul 16 2017 12:04:23 GMT+0530 (India Standard Time) - debug: [Utilities/MySQLManager.js] Initializing Pool with poolid ...1
Sun Jul 16 2017 12:04:23 GMT+0530 (India Standard Time) - debug: [Utilities/MySQLManager.js] Pool 1 Initialization completed.
Sun Jul 16 2017 12:04:59 GMT+0530 (India Standard Time) - debug: [Utilities/MySQLManager.js] Initializing Pool with poolid ...1
Sun Jul 16 2017 12:04:59 GMT+0530 (India Standard Time) - debug: [Utilities/MySQLManager.js] Pool 1 Initialization completed.
Sun Jul 16 2017 12:25:32 GMT+0530 (India Standard Time) - debug: [Utilities/MySQLManager.js] Initializing Pool with poolid ...1
Sun Jul 16 2017 12:25:32 GMT+0530 (India Standard Time) - debug: [Utilities/MySQLManager.js] Pool 1 Initialization completed.
Sun Jul 16 2017 12:26:42 GMT+0530 (India Standard Time) - debug: [Utilities/MySQLManager.js] Initializing Pool with poolid ...1
Sun Jul 16 2017 12:26:42 GMT+0530 (India Standard Time) - debug: [Utilities/MySQLManager.js] Pool 1 Initialization completed.
Sun Jul 16 2017 12:27:54 GMT+0530 (India Standard Time) - debug: [Utilities/MySQLManager.js] Initializing Pool with poolid ...1
Sun Jul 16 2017 12:27:54 GMT+0530 (India Standard Time) - debug: [Utilities/MySQLManager.js] Pool 1 Initialization completed.
Sun Jul 16 2017 12:28:25 GMT+0530 (India Standard Time) - debug: [Utilities/MySQLManager.js] Initializing Pool with poolid ...1
Sun Jul 16 2017 12:28:25 GMT+0530 (India Standard Time) - debug: [Utilities/MySQLManager.js] Pool 1 Initialization completed.
Sun Jul 16 2017 12:29:07 GMT+0530 (India Standard Time) - debug: [Utilities/MySQLManager.js] Initializing Pool with poolid ...1
Sun Jul 16 2017 12:29:07 GMT+0530 (India Standard Time) - debug: [Utilities/MySQLManager.js] Pool 1 Initialization completed.
Sun Jul 16 2017 12:30:27 GMT+0530 (India Standard Time) - debug: [Utilities/MySQLManager.js] Initializing Pool with poolid ...1
Sun Jul 16 2017 12:30:27 GMT+0530 (India Standard Time) - debug: [Utilities/MySQLManager.js] Pool 1 Initialization completed.
Sun Jul 16 2017 12:31:51 GMT+0530 (India Standard Time) - debug: [Utilities/MySQLManager.js] Initializing Pool with poolid ...1
Sun Jul 16 2017 12:31:51 GMT+0530 (India Standard Time) - debug: [Utilities/MySQLManager.js] Pool 1 Initialization completed.
Sun Jul 16 2017 12:39:05 GMT+0530 (India Standard Time) - debug: [Utilities/MySQLManager.js] Initializing Pool with poolid ...1
Sun Jul 16 2017 12:39:05 GMT+0530 (India Standard Time) - debug: [Utilities/MySQLManager.js] Pool 1 Initialization completed.
Sun Jul 16 2017 13:04:12 GMT+0530 (India Standard Time) - debug: [Utilities/MySQLManager.js] Initializing Pool with poolid ...1
Sun Jul 16 2017 13:04:13 GMT+0530 (India Standard Time) - debug: [Utilities/MySQLManager.js] Pool 1 Initialization completed.
Sun Jul 16 2017 13:11:41 GMT+0530 (India Standard Time) - debug: [Utilities/MySQLManager.js] Entering executeQuery. query insert into emailIds values(?). bindvars pavan@gmail.com
Sun Jul 16 2017 13:11:41 GMT+0530 (India Standard Time) - debug: [Utilities/MySQLManager.js] Inside getConnection of pool 1
Sun Jul 16 2017 13:11:41 GMT+0530 (India Standard Time) - debug: [Utilities/MySQLManager.js] Exiting executeQuery
Sun Jul 16 2017 13:11:41 GMT+0530 (India Standard Time) - debug: [Utilities/MySQLManager.js] Connection 39 acquired from pool 1
Sun Jul 16 2017 13:11:41 GMT+0530 (India Standard Time) - debug: [Utilities/MySQLManager.js] invoking callback after getting connection
Sun Jul 16 2017 13:11:41 GMT+0530 (India Standard Time) - debug: [Utilities/MySQLManager.js] got connection [object Object] inside executeQuery
Sun Jul 16 2017 13:11:41 GMT+0530 (India Standard Time) - debug: [Utilities/MySQLManager.js] Releasing connection back to the pool.insert into emailIds values(?)
Sun Jul 16 2017 13:11:41 GMT+0530 (India Standard Time) - debug: [Utilities/MySQLManager.js] Connection 39 released to pool 1
Sun Jul 16 2017 13:11:42 GMT+0530 (India Standard Time) - debug: [Utilities/MySQLManager.js] got undefined results after executing query [object Object]
Sun Jul 16 2017 15:03:06 GMT+0530 (India Standard Time) - debug: [Utilities/MySQLManager.js] Initializing Pool with poolid ...1
Sun Jul 16 2017 15:03:06 GMT+0530 (India Standard Time) - debug: [Utilities/MySQLManager.js] Pool 1 Initialization completed.
Sun Jul 16 2017 15:08:02 GMT+0530 (India Standard Time) - debug: [Utilities/MySQLManager.js] Entering executeQuery. query insert into emailIds values(?). bindvars pavan@gmail.com
Sun Jul 16 2017 15:08:02 GMT+0530 (India Standard Time) - debug: [Utilities/MySQLManager.js] Inside getConnection of pool 1
Sun Jul 16 2017 15:08:02 GMT+0530 (India Standard Time) - debug: [Utilities/MySQLManager.js] Exiting executeQuery
Sun Jul 16 2017 15:08:02 GMT+0530 (India Standard Time) - debug: [Utilities/MySQLManager.js] Connection 41 acquired from pool 1
Sun Jul 16 2017 15:08:02 GMT+0530 (India Standard Time) - debug: [Utilities/MySQLManager.js] invoking callback after getting connection
Sun Jul 16 2017 15:08:02 GMT+0530 (India Standard Time) - debug: [Utilities/MySQLManager.js] got connection [object Object] inside executeQuery
Sun Jul 16 2017 15:08:02 GMT+0530 (India Standard Time) - debug: [Utilities/MySQLManager.js] Releasing connection back to the pool.insert into emailIds values(?)
Sun Jul 16 2017 15:08:02 GMT+0530 (India Standard Time) - debug: [Utilities/MySQLManager.js] Connection 41 released to pool 1
Sun Jul 16 2017 15:08:03 GMT+0530 (India Standard Time) - debug: [Utilities/MySQLManager.js] got undefined results after executing query [object Object]
