0 info it worked if it ends with ok
1 verbose cli [ 'C:\\Program Files\\nodejs\\node.exe',
1 verbose cli   'C:\\Program Files\\nodejs\\node_modules\\npm\\bin\\npm-cli.js',
1 verbose cli   'install',
1 verbose cli   'jpeg' ]
2 info using npm@3.10.10
3 info using node@v6.10.0
4 silly loadCurrentTree Starting
5 silly install loadCurrentTree
6 silly install readLocalPackageData
7 silly fetchPackageMetaData jpeg
8 silly fetchNamedPackageData jpeg
9 silly mapToRegistry name jpeg
10 silly mapToRegistry using default registry
11 silly mapToRegistry registry https://registry.npmjs.org/
12 silly mapToRegistry data Result {
12 silly mapToRegistry   raw: 'jpeg',
12 silly mapToRegistry   scope: null,
12 silly mapToRegistry   escapedName: 'jpeg',
12 silly mapToRegistry   name: 'jpeg',
12 silly mapToRegistry   rawSpec: '',
12 silly mapToRegistry   spec: 'latest',
12 silly mapToRegistry   type: 'tag' }
13 silly mapToRegistry uri https://registry.npmjs.org/jpeg
14 verbose request uri https://registry.npmjs.org/jpeg
15 verbose request no auth needed
16 info attempt registry request try #1 at 12:31:11 PM
17 verbose request id 63be07a5062c5665
18 http request GET https://registry.npmjs.org/jpeg
19 http 200 https://registry.npmjs.org/jpeg
20 verbose headers { server: 'nginx/1.10.1',
20 verbose headers   'content-type': 'application/json',
20 verbose headers   'last-modified': 'Wed, 21 May 2014 10:25:22 GMT',
20 verbose headers   etag: 'W/"537c7f12-2584"',
20 verbose headers   'content-encoding': 'gzip',
20 verbose headers   'cache-control': 'max-age=300',
20 verbose headers   'content-length': '2589',
20 verbose headers   'accept-ranges': 'bytes',
20 verbose headers   date: 'Sun, 16 Jul 2017 07:00:55 GMT',
20 verbose headers   via: '1.1 varnish',
20 verbose headers   age: '0',
20 verbose headers   connection: 'keep-alive',
20 verbose headers   'x-served-by': 'cache-ams4141-AMS',
20 verbose headers   'x-cache': 'MISS',
20 verbose headers   'x-cache-hits': '0',
20 verbose headers   'x-timer': 'S1500188455.353459,VS0,VE43',
20 verbose headers   vary: 'Accept-Encoding, Accept' }
21 silly get cb [ 200,
21 silly get   { server: 'nginx/1.10.1',
21 silly get     'content-type': 'application/json',
21 silly get     'last-modified': 'Wed, 21 May 2014 10:25:22 GMT',
21 silly get     etag: 'W/"537c7f12-2584"',
21 silly get     'content-encoding': 'gzip',
21 silly get     'cache-control': 'max-age=300',
21 silly get     'content-length': '2589',
21 silly get     'accept-ranges': 'bytes',
21 silly get     date: 'Sun, 16 Jul 2017 07:00:55 GMT',
21 silly get     via: '1.1 varnish',
21 silly get     age: '0',
21 silly get     connection: 'keep-alive',
21 silly get     'x-served-by': 'cache-ams4141-AMS',
21 silly get     'x-cache': 'MISS',
21 silly get     'x-cache-hits': '0',
21 silly get     'x-timer': 'S1500188455.353459,VS0,VE43',
21 silly get     vary: 'Accept-Encoding, Accept' } ]
22 verbose get saving jpeg to C:\Users\Abcd\AppData\Roaming\npm-cache\registry.npmjs.org\jpeg\.cache.json
23 verbose correctMkdir C:\Users\Abcd\AppData\Roaming\npm-cache correctMkdir not in flight; initializing
24 silly install normalizeTree
25 silly loadCurrentTree Finishing
26 silly loadIdealTree Starting
27 silly install loadIdealTree
28 silly cloneCurrentTree Starting
29 silly install cloneCurrentTreeToIdealTree
30 silly cloneCurrentTree Finishing
31 silly loadShrinkwrap Starting
32 silly install loadShrinkwrap
33 silly loadShrinkwrap Finishing
34 silly loadAllDepsIntoIdealTree Starting
35 silly install loadAllDepsIntoIdealTree
36 silly resolveWithNewModule jpeg@2.0.0 checking installable status
37 silly cache add args [ 'jpeg', null ]
38 verbose cache add spec jpeg
39 silly cache add parsed spec Result {
39 silly cache add   raw: 'jpeg',
39 silly cache add   scope: null,
39 silly cache add   escapedName: 'jpeg',
39 silly cache add   name: 'jpeg',
39 silly cache add   rawSpec: '',
39 silly cache add   spec: 'latest',
39 silly cache add   type: 'tag' }
40 silly addNamed jpeg@latest
41 verbose addNamed "latest" is being treated as a dist-tag for jpeg
42 info addNameTag [ 'jpeg', 'latest' ]
43 silly mapToRegistry name jpeg
44 silly mapToRegistry using default registry
45 silly mapToRegistry registry https://registry.npmjs.org/
46 silly mapToRegistry data Result {
46 silly mapToRegistry   raw: 'jpeg',
46 silly mapToRegistry   scope: null,
46 silly mapToRegistry   escapedName: 'jpeg',
46 silly mapToRegistry   name: 'jpeg',
46 silly mapToRegistry   rawSpec: '',
46 silly mapToRegistry   spec: 'latest',
46 silly mapToRegistry   type: 'tag' }
47 silly mapToRegistry uri https://registry.npmjs.org/jpeg
48 verbose addNameTag registry:https://registry.npmjs.org/jpeg not in flight; fetching
49 verbose get https://registry.npmjs.org/jpeg not expired, no request
50 silly addNameTag next cb for jpeg with tag latest
51 silly addNamed jpeg@2.0.0
52 verbose addNamed "2.0.0" is a plain semver version for jpeg
53 silly mapToRegistry name jpeg
54 silly mapToRegistry using default registry
55 silly mapToRegistry registry https://registry.npmjs.org/
56 silly mapToRegistry data Result {
56 silly mapToRegistry   raw: 'jpeg',
56 silly mapToRegistry   scope: null,
56 silly mapToRegistry   escapedName: 'jpeg',
56 silly mapToRegistry   name: 'jpeg',
56 silly mapToRegistry   rawSpec: '',
56 silly mapToRegistry   spec: 'latest',
56 silly mapToRegistry   type: 'tag' }
57 silly mapToRegistry uri https://registry.npmjs.org/jpeg
58 verbose addRemoteTarball https://registry.npmjs.org/jpeg/-/jpeg-2.0.0.tgz not in flight; adding
59 verbose addRemoteTarball [ 'https://registry.npmjs.org/jpeg/-/jpeg-2.0.0.tgz',
59 verbose addRemoteTarball   '3cf6e51af008c3f98ea676cdec433869454dc636' ]
60 info retry fetch attempt 1 at 12:31:12 PM
61 info attempt registry request try #1 at 12:31:12 PM
62 http fetch GET https://registry.npmjs.org/jpeg/-/jpeg-2.0.0.tgz
63 http fetch 200 https://registry.npmjs.org/jpeg/-/jpeg-2.0.0.tgz
64 silly fetchAndShaCheck shasum 3cf6e51af008c3f98ea676cdec433869454dc636
65 verbose addTmpTarball C:\Users\Abcd\AppData\Local\Temp\npm-6420-680c7c16\registry.npmjs.org\jpeg\-\jpeg-2.0.0.tgz not in flight; adding
66 verbose addTmpTarball already have metadata; skipping unpack for jpeg@2.0.0
67 verbose correctMkdir C:\Users\Abcd\AppData\Roaming\npm-cache correctMkdir not in flight; initializing
68 silly cache afterAdd jpeg@2.0.0
69 verbose afterAdd C:\Users\Abcd\AppData\Roaming\npm-cache\jpeg\2.0.0\package\package.json not in flight; writing
70 verbose correctMkdir C:\Users\Abcd\AppData\Roaming\npm-cache correctMkdir not in flight; initializing
71 verbose afterAdd C:\Users\Abcd\AppData\Roaming\npm-cache\jpeg\2.0.0\package\package.json written
72 silly loadAllDepsIntoIdealTree Finishing
73 silly loadIdealTree Finishing
74 silly currentTree chatBot
74 silly currentTree +-- @ciscospark/common-timers@1.1.11
74 silly currentTree +-- @ciscospark/common@1.1.11
74 silly currentTree +-- @ciscospark/http-core@1.1.11
74 silly currentTree | `-- qs@5.2.1
74 silly currentTree +-- @ciscospark/internal-plugin-feature@1.3.0
74 silly currentTree +-- @ciscospark/internal-plugin-locus@1.3.0
74 silly currentTree +-- @ciscospark/internal-plugin-mercury@1.3.0
74 silly currentTree | `-- ws@1.1.4
74 silly currentTree +-- @ciscospark/internal-plugin-metrics@1.3.0
74 silly currentTree +-- @ciscospark/internal-plugin-wdm@1.3.0
74 silly currentTree +-- @ciscospark/plugin-authorization-browser@1.3.0
74 silly currentTree +-- @ciscospark/plugin-authorization-node@1.3.0
74 silly currentTree +-- @ciscospark/plugin-authorization@1.3.0
74 silly currentTree +-- @ciscospark/plugin-logger@1.3.0
74 silly currentTree +-- @ciscospark/plugin-people@1.3.0
74 silly currentTree +-- @ciscospark/plugin-phone@1.3.0
74 silly currentTree +-- @ciscospark/spark-core@1.3.0
74 silly currentTree +-- @ciscospark/storage-adapter-local-storage@1.3.0
74 silly currentTree +-- accepts@1.3.3
74 silly currentTree +-- acorn@4.0.13
74 silly currentTree +-- agent-base@4.1.0
74 silly currentTree +-- ajv@4.11.8
74 silly currentTree +-- amdefine@1.0.1
74 silly currentTree +-- ampersand-class-extend@2.0.0
74 silly currentTree +-- ampersand-collection@2.0.1
74 silly currentTree +-- ampersand-events@2.0.2
74 silly currentTree +-- ampersand-state@5.0.2
74 silly currentTree +-- ampersand-version@1.0.2
74 silly currentTree +-- ansi-regex@2.1.1
74 silly currentTree +-- ansi-styles@2.2.1
74 silly currentTree +-- apiai@4.0.2
74 silly currentTree +-- array-back@1.0.4
74 silly currentTree +-- array-flatten@1.1.1
74 silly currentTree +-- array-next@0.0.1
74 silly currentTree +-- asap@2.0.5
74 silly currentTree +-- asn1@0.2.3
74 silly currentTree +-- assert-plus@0.2.0
74 silly currentTree +-- ast-types@0.9.6
74 silly currentTree +-- async@1.0.0
74 silly currentTree +-- asynckit@0.4.0
74 silly currentTree +-- aws-sign2@0.6.0
74 silly currentTree +-- aws4@1.6.0
74 silly currentTree +-- babel-polyfill@6.23.0
74 silly currentTree +-- babel-runtime@6.23.0
74 silly currentTree +-- back@1.0.1
74 silly currentTree +-- backoff@2.5.0
74 silly currentTree +-- balanced-match@1.0.0
74 silly currentTree +-- base62@1.2.0
74 silly currentTree +-- base64url@2.0.0
74 silly currentTree +-- bcrypt-pbkdf@1.0.1
74 silly currentTree +-- bignumber.js@3.1.2
74 silly currentTree +-- bl@1.1.2
74 silly currentTree | +-- isarray@1.0.0
74 silly currentTree | `-- readable-stream@2.0.6
74 silly currentTree +-- body-parser@1.17.2
74 silly currentTree +-- boom@2.10.1
74 silly currentTree +-- botbuilder@3.8.4
74 silly currentTree | +-- async@1.5.2
74 silly currentTree | `-- promise@7.3.1
74 silly currentTree +-- botkit-studio-sdk@1.0.2
74 silly currentTree | `-- promise@7.3.1
74 silly currentTree +-- botkit@0.5.5
74 silly currentTree | `-- async@2.5.0
74 silly currentTree +-- brace-expansion@1.1.8
74 silly currentTree +-- bson@1.0.4
74 silly currentTree +-- buffer-equal-constant-time@1.0.1
74 silly currentTree +-- buffer-shims@1.0.0
74 silly currentTree +-- bytes@2.4.0
74 silly currentTree +-- camelcase@1.2.1
74 silly currentTree +-- caseless@0.12.0
74 silly currentTree +-- chalk@1.1.3
74 silly currentTree +-- charenc@0.0.2
74 silly currentTree +-- chrono-node@1.3.4
74 silly currentTree +-- ciscospark@1.3.0
74 silly currentTree +-- cliui@3.2.0
74 silly currentTree +-- clone@2.1.1
74 silly currentTree +-- co@4.6.0
74 silly currentTree +-- code-point-at@1.1.0
74 silly currentTree +-- colors@1.0.3
74 silly currentTree +-- combined-stream@1.0.5
74 silly currentTree +-- command-exists@1.2.2
74 silly currentTree +-- command-line-args@4.0.6
74 silly currentTree +-- commander@2.11.0
74 silly currentTree +-- commoner@0.10.8
74 silly currentTree | `-- mkdirp@0.5.1
74 silly currentTree +-- concat-map@0.0.1
74 silly currentTree +-- concat-stream@1.6.0
74 silly currentTree | +-- isarray@1.0.0
74 silly currentTree | +-- readable-stream@2.3.3
74 silly currentTree | `-- string_decoder@1.0.3
74 silly currentTree +-- content-disposition@0.5.2
74 silly currentTree +-- content-type@1.0.2
74 silly currentTree +-- cookie-signature@1.0.6
74 silly currentTree +-- cookie@0.3.1
74 silly currentTree +-- core-decorators@0.14.0
74 silly currentTree +-- core-js@2.4.1
74 silly currentTree +-- core-util-is@1.0.2
74 silly currentTree +-- crypt@0.0.2
74 silly currentTree +-- cryptiles@2.0.5
74 silly currentTree +-- crypto@0.0.3
74 silly currentTree +-- cycle@1.0.3
74 silly currentTree +-- dashdash@1.14.1
74 silly currentTree | `-- assert-plus@1.0.0
74 silly currentTree +-- debug@2.6.7
74 silly currentTree +-- decamelize@1.2.0
74 silly currentTree +-- defined@1.0.0
74 silly currentTree +-- delayed-stream@1.0.0
74 silly currentTree +-- depd@1.1.0
74 silly currentTree +-- deprecate@0.1.0
74 silly currentTree +-- destroy@1.0.4
74 silly currentTree +-- detective@4.5.0
74 silly currentTree +-- detectrtc@1.3.5
74 silly currentTree +-- dom-walk@0.1.1
74 silly currentTree +-- ecc-jsbn@0.1.1
74 silly currentTree +-- ecdsa-sig-formatter@1.0.9
74 silly currentTree +-- ee-first@1.1.1
74 silly currentTree +-- ejs@2.5.6
74 silly currentTree +-- encodeurl@1.0.1
74 silly currentTree +-- enum@2.4.0
74 silly currentTree +-- envify@3.4.1
74 silly currentTree +-- es6-promise@4.1.1
74 silly currentTree +-- es6-promisify@5.0.0
74 silly currentTree +-- escape-html@1.0.3
74 silly currentTree +-- escape-string-regexp@1.0.5
74 silly currentTree +-- esprima-fb@15001.1.0-dev-harmony-fb
74 silly currentTree +-- etag@1.8.0
74 silly currentTree +-- express@4.15.3
74 silly currentTree +-- extend@3.0.1
74 silly currentTree +-- extsprintf@1.0.2
74 silly currentTree +-- eyes@0.1.8
74 silly currentTree +-- file-type@3.9.0
74 silly currentTree +-- finalhandler@1.0.3
74 silly currentTree +-- find-replace@1.0.3
74 silly currentTree +-- find-root@0.1.2
74 silly currentTree +-- for-each@0.3.2
74 silly currentTree +-- forever-agent@0.6.1
74 silly currentTree +-- form-data@2.1.4
74 silly currentTree +-- forwarded@0.1.0
74 silly currentTree +-- fresh@0.5.0
74 silly currentTree +-- generate-function@2.0.0
74 silly currentTree +-- generate-object-property@1.2.0
74 silly currentTree +-- get-port@3.1.0
74 silly currentTree +-- getpass@0.1.7
74 silly currentTree | `-- assert-plus@1.0.0
74 silly currentTree +-- glob@5.0.15
74 silly currentTree +-- global@4.3.2
74 silly currentTree +-- graceful-fs@4.1.11
74 silly currentTree +-- har-schema@1.0.5
74 silly currentTree +-- har-validator@4.2.1
74 silly currentTree +-- has-ansi@2.0.0
74 silly currentTree +-- hashmap@2.1.0
74 silly currentTree +-- hawk@3.1.3
74 silly currentTree +-- hoek@2.16.3
74 silly currentTree +-- http-basic@2.5.1
74 silly currentTree | `-- caseless@0.11.0
74 silly currentTree +-- http-errors@1.6.1
74 silly currentTree +-- http-response-object@1.1.0
74 silly currentTree +-- http-signature@1.1.1
74 silly currentTree +-- https-proxy-agent@2.0.0
74 silly currentTree +-- iconv-lite@0.4.15
74 silly currentTree +-- inflight@1.0.6
74 silly currentTree +-- inherits@2.0.3
74 silly currentTree +-- invert-kv@1.0.0
74 silly currentTree +-- ipaddr.js@1.3.0
74 silly currentTree +-- is-buffer@1.1.5
74 silly currentTree +-- is-fullwidth-code-point@1.0.0
74 silly currentTree +-- is-function@1.0.1
74 silly currentTree +-- is-my-json-valid@2.16.0
74 silly currentTree +-- is-property@1.0.2
74 silly currentTree +-- is-typedarray@1.0.0
74 silly currentTree +-- isarray@0.0.1
74 silly currentTree +-- isemail@1.2.0
74 silly currentTree +-- isstream@0.1.2
74 silly currentTree +-- jfs@0.2.6
74 silly currentTree | +-- async@1.2.1
74 silly currentTree | +-- clone@1.0.2
74 silly currentTree | +-- mkdirp@0.5.1
74 silly currentTree | `-- node-uuid@1.4.8
74 silly currentTree +-- joi@6.10.1
74 silly currentTree +-- jsbn@0.1.1
74 silly currentTree +-- json-schema@0.2.3
74 silly currentTree +-- json-stable-stringify@1.0.1
74 silly currentTree +-- json-stringify-safe@5.0.1
74 silly currentTree +-- jsonify@0.0.0
74 silly currentTree +-- jsonpointer@4.0.1
74 silly currentTree +-- jsonwebtoken@7.4.1
74 silly currentTree +-- jsprim@1.4.0
74 silly currentTree | `-- assert-plus@1.0.0
74 silly currentTree +-- jstransform@11.0.3
74 silly currentTree +-- jwa@1.1.5
74 silly currentTree +-- jws@3.1.4
74 silly currentTree +-- key-tree-store@1.3.0
74 silly currentTree +-- lcid@1.0.0
74 silly currentTree +-- localtunnel@1.8.3
74 silly currentTree | `-- debug@2.6.8
74 silly currentTree +-- lodash.once@4.1.1
74 silly currentTree +-- lodash@4.17.4
74 silly currentTree +-- md5@2.2.1
74 silly currentTree +-- media-typer@0.3.0
74 silly currentTree +-- merge-descriptors@1.0.1
74 silly currentTree +-- methods@1.1.2
74 silly currentTree +-- mime-db@1.27.0
74 silly currentTree +-- mime-types@2.1.15
74 silly currentTree +-- mime@1.3.4
74 silly currentTree +-- min-document@2.19.0
74 silly currentTree +-- minimatch@3.0.4
74 silly currentTree +-- minimist@0.0.8
74 silly currentTree +-- mkdirp@0.3.5
74 silly currentTree +-- moment@2.18.1
74 silly currentTree +-- mongodb-core@2.1.14
74 silly currentTree +-- mongodb@2.2.30
74 silly currentTree | +-- es6-promise@3.2.1
74 silly currentTree | +-- isarray@1.0.0
74 silly currentTree | +-- readable-stream@2.2.7
74 silly currentTree | `-- string_decoder@1.0.3
74 silly currentTree +-- ms@2.0.0
74 silly currentTree +-- mustache@2.3.0
74 silly currentTree +-- mysql@2.13.0
74 silly currentTree +-- negotiator@0.6.1
74 silly currentTree +-- number-is-nan@1.0.1
74 silly currentTree +-- oauth-sign@0.8.2
74 silly currentTree +-- object-assign@2.1.1
74 silly currentTree +-- on-finished@2.3.0
74 silly currentTree +-- once@1.4.0
74 silly currentTree +-- openurl@1.1.1
74 silly currentTree +-- options@0.0.6
74 silly currentTree +-- os-locale@1.4.0
74 silly currentTree +-- parse-headers@2.0.1
74 silly currentTree +-- parseurl@1.3.1
74 silly currentTree +-- path-is-absolute@1.0.1
74 silly currentTree +-- path-to-regexp@0.1.7
74 silly currentTree +-- performance-now@0.2.0
74 silly currentTree +-- pinkie-promise@2.0.1
74 silly currentTree +-- pinkie@2.0.4
74 silly currentTree +-- precond@0.2.3
74 silly currentTree +-- private@0.1.7
74 silly currentTree +-- process-nextick-args@1.0.7
74 silly currentTree +-- process@0.5.2
74 silly currentTree +-- promise@8.0.0
74 silly currentTree +-- properties-reader@0.0.15
74 silly currentTree +-- proxy-addr@1.1.4
74 silly currentTree +-- punycode@1.4.1
74 silly currentTree +-- q@1.5.0
74 silly currentTree +-- qs@6.4.0
74 silly currentTree +-- range-parser@1.2.0
74 silly currentTree +-- raw-body@2.2.0
74 silly currentTree +-- readable-stream@1.1.14
74 silly currentTree +-- recast@0.11.23
74 silly currentTree | +-- esprima@3.1.3
74 silly currentTree | `-- source-map@0.5.6
74 silly currentTree +-- regenerator-runtime@0.10.5
74 silly currentTree +-- request@2.81.0
74 silly currentTree +-- require_optional@1.0.1
74 silly currentTree +-- resolve-from@2.0.0
74 silly currentTree +-- rsa-pem-from-mod-exp@0.8.4
74 silly currentTree +-- safe-buffer@5.1.1
74 silly currentTree +-- scmp@0.0.3
74 silly currentTree +-- sdp-transform@2.3.0
74 silly currentTree +-- sdp@1.5.4
74 silly currentTree +-- semver@5.3.0
74 silly currentTree +-- send@0.15.3
74 silly currentTree +-- serve-static@1.12.3
74 silly currentTree +-- setprototypeof@1.0.3
74 silly currentTree +-- sntp@1.0.9
74 silly currentTree +-- source-map@0.4.4
74 silly currentTree +-- sprintf-js@1.1.1
74 silly currentTree +-- sqlstring@2.2.0
74 silly currentTree +-- sshpk@1.13.1
74 silly currentTree | `-- assert-plus@1.0.0
74 silly currentTree +-- stack-trace@0.0.10
74 silly currentTree +-- statuses@1.3.1
74 silly currentTree +-- string_decoder@0.10.31
74 silly currentTree +-- string-width@1.0.2
74 silly currentTree +-- string.prototype.startswith@0.2.0
74 silly currentTree +-- string@3.3.3
74 silly currentTree +-- stringstream@0.0.5
74 silly currentTree +-- strip-ansi@3.0.1
74 silly currentTree +-- supports-color@2.0.0
74 silly currentTree +-- sync-request@4.1.0
74 silly currentTree +-- test-value@2.1.0
74 silly currentTree +-- then-request@2.2.0
74 silly currentTree | +-- caseless@0.11.0
74 silly currentTree | `-- promise@7.3.1
74 silly currentTree +-- through@2.3.8
74 silly currentTree +-- through2@0.6.5
74 silly currentTree | `-- readable-stream@1.0.34
74 silly currentTree +-- topo@1.1.0
74 silly currentTree +-- tough-cookie@2.3.2
74 silly currentTree +-- trim@0.0.1
74 silly currentTree +-- tunnel-agent@0.6.0
74 silly currentTree +-- tweetnacl@0.14.5
74 silly currentTree +-- twilio@2.11.1
74 silly currentTree | +-- async@2.5.0
74 silly currentTree | +-- caseless@0.11.0
74 silly currentTree | +-- form-data@1.0.1
74 silly currentTree | +-- har-validator@2.0.6
74 silly currentTree | +-- jsonwebtoken@5.4.1
74 silly currentTree | +-- ms@0.7.3
74 silly currentTree | +-- node-uuid@1.4.8
74 silly currentTree | +-- q@0.9.7
74 silly currentTree | +-- qs@6.2.3
74 silly currentTree | +-- request@2.74.0
74 silly currentTree | `-- tunnel-agent@0.4.3
74 silly currentTree +-- type-is@1.6.15
74 silly currentTree +-- typedarray@0.0.6
74 silly currentTree +-- typical@2.6.1
74 silly currentTree +-- ultron@1.0.2
74 silly currentTree +-- underscore@1.8.3
74 silly currentTree +-- unpipe@1.0.0
74 silly currentTree +-- url-join@1.1.0
74 silly currentTree +-- urlsafe-base64@1.0.0
74 silly currentTree +-- util-deprecate@1.0.2
74 silly currentTree +-- utils-merge@1.0.0
74 silly currentTree +-- uuid@3.1.0
74 silly currentTree +-- vary@1.1.1
74 silly currentTree +-- verror@1.3.6
74 silly currentTree +-- ware@1.3.0
74 silly currentTree +-- webrtc-adapter@3.2.0
74 silly currentTree +-- window-size@0.1.4
74 silly currentTree +-- winston@2.3.1
74 silly currentTree +-- wrap-ansi@2.1.0
74 silly currentTree +-- wrap-fn@0.1.5
74 silly currentTree | `-- co@3.1.0
74 silly currentTree +-- wrappy@1.0.2
74 silly currentTree +-- ws@2.3.1
74 silly currentTree | +-- safe-buffer@5.0.1
74 silly currentTree | `-- ultron@1.1.0
74 silly currentTree +-- xtend@4.0.1
74 silly currentTree +-- y18n@3.2.1
74 silly currentTree `-- yargs@3.29.0
75 silly idealTree chatBot
75 silly idealTree +-- @ciscospark/common-timers@1.1.11
75 silly idealTree +-- @ciscospark/common@1.1.11
75 silly idealTree +-- @ciscospark/http-core@1.1.11
75 silly idealTree | `-- qs@5.2.1
75 silly idealTree +-- @ciscospark/internal-plugin-feature@1.3.0
75 silly idealTree +-- @ciscospark/internal-plugin-locus@1.3.0
75 silly idealTree +-- @ciscospark/internal-plugin-mercury@1.3.0
75 silly idealTree | `-- ws@1.1.4
75 silly idealTree +-- @ciscospark/internal-plugin-metrics@1.3.0
75 silly idealTree +-- @ciscospark/internal-plugin-wdm@1.3.0
75 silly idealTree +-- @ciscospark/plugin-authorization-browser@1.3.0
75 silly idealTree +-- @ciscospark/plugin-authorization-node@1.3.0
75 silly idealTree +-- @ciscospark/plugin-authorization@1.3.0
75 silly idealTree +-- @ciscospark/plugin-logger@1.3.0
75 silly idealTree +-- @ciscospark/plugin-people@1.3.0
75 silly idealTree +-- @ciscospark/plugin-phone@1.3.0
75 silly idealTree +-- @ciscospark/spark-core@1.3.0
75 silly idealTree +-- @ciscospark/storage-adapter-local-storage@1.3.0
75 silly idealTree +-- accepts@1.3.3
75 silly idealTree +-- acorn@4.0.13
75 silly idealTree +-- agent-base@4.1.0
75 silly idealTree +-- ajv@4.11.8
75 silly idealTree +-- amdefine@1.0.1
75 silly idealTree +-- ampersand-class-extend@2.0.0
75 silly idealTree +-- ampersand-collection@2.0.1
75 silly idealTree +-- ampersand-events@2.0.2
75 silly idealTree +-- ampersand-state@5.0.2
75 silly idealTree +-- ampersand-version@1.0.2
75 silly idealTree +-- ansi-regex@2.1.1
75 silly idealTree +-- ansi-styles@2.2.1
75 silly idealTree +-- apiai@4.0.2
75 silly idealTree +-- array-back@1.0.4
75 silly idealTree +-- array-flatten@1.1.1
75 silly idealTree +-- array-next@0.0.1
75 silly idealTree +-- asap@2.0.5
75 silly idealTree +-- asn1@0.2.3
75 silly idealTree +-- assert-plus@0.2.0
75 silly idealTree +-- ast-types@0.9.6
75 silly idealTree +-- async@1.0.0
75 silly idealTree +-- asynckit@0.4.0
75 silly idealTree +-- aws-sign2@0.6.0
75 silly idealTree +-- aws4@1.6.0
75 silly idealTree +-- babel-polyfill@6.23.0
75 silly idealTree +-- babel-runtime@6.23.0
75 silly idealTree +-- back@1.0.1
75 silly idealTree +-- backoff@2.5.0
75 silly idealTree +-- balanced-match@1.0.0
75 silly idealTree +-- base62@1.2.0
75 silly idealTree +-- base64url@2.0.0
75 silly idealTree +-- bcrypt-pbkdf@1.0.1
75 silly idealTree +-- bignumber.js@3.1.2
75 silly idealTree +-- bl@1.1.2
75 silly idealTree | +-- isarray@1.0.0
75 silly idealTree | `-- readable-stream@2.0.6
75 silly idealTree +-- body-parser@1.17.2
75 silly idealTree +-- boom@2.10.1
75 silly idealTree +-- botbuilder@3.8.4
75 silly idealTree | +-- async@1.5.2
75 silly idealTree | `-- promise@7.3.1
75 silly idealTree +-- botkit-studio-sdk@1.0.2
75 silly idealTree | `-- promise@7.3.1
75 silly idealTree +-- botkit@0.5.5
75 silly idealTree | `-- async@2.5.0
75 silly idealTree +-- brace-expansion@1.1.8
75 silly idealTree +-- bson@1.0.4
75 silly idealTree +-- buffer-equal-constant-time@1.0.1
75 silly idealTree +-- buffer-shims@1.0.0
75 silly idealTree +-- bytes@2.4.0
75 silly idealTree +-- camelcase@1.2.1
75 silly idealTree +-- caseless@0.12.0
75 silly idealTree +-- chalk@1.1.3
75 silly idealTree +-- charenc@0.0.2
75 silly idealTree +-- chrono-node@1.3.4
75 silly idealTree +-- ciscospark@1.3.0
75 silly idealTree +-- cliui@3.2.0
75 silly idealTree +-- clone@2.1.1
75 silly idealTree +-- co@4.6.0
75 silly idealTree +-- code-point-at@1.1.0
75 silly idealTree +-- colors@1.0.3
75 silly idealTree +-- combined-stream@1.0.5
75 silly idealTree +-- command-exists@1.2.2
75 silly idealTree +-- command-line-args@4.0.6
75 silly idealTree +-- commander@2.11.0
75 silly idealTree +-- commoner@0.10.8
75 silly idealTree | `-- mkdirp@0.5.1
75 silly idealTree +-- concat-map@0.0.1
75 silly idealTree +-- concat-stream@1.6.0
75 silly idealTree | +-- isarray@1.0.0
75 silly idealTree | +-- readable-stream@2.3.3
75 silly idealTree | `-- string_decoder@1.0.3
75 silly idealTree +-- content-disposition@0.5.2
75 silly idealTree +-- content-type@1.0.2
75 silly idealTree +-- cookie-signature@1.0.6
75 silly idealTree +-- cookie@0.3.1
75 silly idealTree +-- core-decorators@0.14.0
75 silly idealTree +-- core-js@2.4.1
75 silly idealTree +-- core-util-is@1.0.2
75 silly idealTree +-- crypt@0.0.2
75 silly idealTree +-- cryptiles@2.0.5
75 silly idealTree +-- crypto@0.0.3
75 silly idealTree +-- cycle@1.0.3
75 silly idealTree +-- dashdash@1.14.1
75 silly idealTree | `-- assert-plus@1.0.0
75 silly idealTree +-- debug@2.6.7
75 silly idealTree +-- decamelize@1.2.0
75 silly idealTree +-- defined@1.0.0
75 silly idealTree +-- delayed-stream@1.0.0
75 silly idealTree +-- depd@1.1.0
75 silly idealTree +-- deprecate@0.1.0
75 silly idealTree +-- destroy@1.0.4
75 silly idealTree +-- detective@4.5.0
75 silly idealTree +-- detectrtc@1.3.5
75 silly idealTree +-- dom-walk@0.1.1
75 silly idealTree +-- ecc-jsbn@0.1.1
75 silly idealTree +-- ecdsa-sig-formatter@1.0.9
75 silly idealTree +-- ee-first@1.1.1
75 silly idealTree +-- ejs@2.5.6
75 silly idealTree +-- encodeurl@1.0.1
75 silly idealTree +-- enum@2.4.0
75 silly idealTree +-- envify@3.4.1
75 silly idealTree +-- es6-promise@4.1.1
75 silly idealTree +-- es6-promisify@5.0.0
75 silly idealTree +-- escape-html@1.0.3
75 silly idealTree +-- escape-string-regexp@1.0.5
75 silly idealTree +-- esprima-fb@15001.1.0-dev-harmony-fb
75 silly idealTree +-- etag@1.8.0
75 silly idealTree +-- express@4.15.3
75 silly idealTree +-- extend@3.0.1
75 silly idealTree +-- extsprintf@1.0.2
75 silly idealTree +-- eyes@0.1.8
75 silly idealTree +-- file-type@3.9.0
75 silly idealTree +-- finalhandler@1.0.3
75 silly idealTree +-- find-replace@1.0.3
75 silly idealTree +-- find-root@0.1.2
75 silly idealTree +-- for-each@0.3.2
75 silly idealTree +-- forever-agent@0.6.1
75 silly idealTree +-- form-data@2.1.4
75 silly idealTree +-- forwarded@0.1.0
75 silly idealTree +-- fresh@0.5.0
75 silly idealTree +-- generate-function@2.0.0
75 silly idealTree +-- generate-object-property@1.2.0
75 silly idealTree +-- get-port@3.1.0
75 silly idealTree +-- getpass@0.1.7
75 silly idealTree | `-- assert-plus@1.0.0
75 silly idealTree +-- glob@5.0.15
75 silly idealTree +-- global@4.3.2
75 silly idealTree +-- graceful-fs@4.1.11
75 silly idealTree +-- har-schema@1.0.5
75 silly idealTree +-- har-validator@4.2.1
75 silly idealTree +-- has-ansi@2.0.0
75 silly idealTree +-- hashmap@2.1.0
75 silly idealTree +-- hawk@3.1.3
75 silly idealTree +-- hoek@2.16.3
75 silly idealTree +-- http-basic@2.5.1
75 silly idealTree | `-- caseless@0.11.0
75 silly idealTree +-- http-errors@1.6.1
75 silly idealTree +-- http-response-object@1.1.0
75 silly idealTree +-- http-signature@1.1.1
75 silly idealTree +-- https-proxy-agent@2.0.0
75 silly idealTree +-- iconv-lite@0.4.15
75 silly idealTree +-- inflight@1.0.6
75 silly idealTree +-- inherits@2.0.3
75 silly idealTree +-- invert-kv@1.0.0
75 silly idealTree +-- ipaddr.js@1.3.0
75 silly idealTree +-- is-buffer@1.1.5
75 silly idealTree +-- is-fullwidth-code-point@1.0.0
75 silly idealTree +-- is-function@1.0.1
75 silly idealTree +-- is-my-json-valid@2.16.0
75 silly idealTree +-- is-property@1.0.2
75 silly idealTree +-- is-typedarray@1.0.0
75 silly idealTree +-- isarray@0.0.1
75 silly idealTree +-- isemail@1.2.0
75 silly idealTree +-- isstream@0.1.2
75 silly idealTree +-- jfs@0.2.6
75 silly idealTree | +-- async@1.2.1
75 silly idealTree | +-- clone@1.0.2
75 silly idealTree | +-- mkdirp@0.5.1
75 silly idealTree | `-- node-uuid@1.4.8
75 silly idealTree +-- joi@6.10.1
75 silly idealTree +-- jpeg@2.0.0
75 silly idealTree +-- jsbn@0.1.1
75 silly idealTree +-- json-schema@0.2.3
75 silly idealTree +-- json-stable-stringify@1.0.1
75 silly idealTree +-- json-stringify-safe@5.0.1
75 silly idealTree +-- jsonify@0.0.0
75 silly idealTree +-- jsonpointer@4.0.1
75 silly idealTree +-- jsonwebtoken@7.4.1
75 silly idealTree +-- jsprim@1.4.0
75 silly idealTree | `-- assert-plus@1.0.0
75 silly idealTree +-- jstransform@11.0.3
75 silly idealTree +-- jwa@1.1.5
75 silly idealTree +-- jws@3.1.4
75 silly idealTree +-- key-tree-store@1.3.0
75 silly idealTree +-- lcid@1.0.0
75 silly idealTree +-- localtunnel@1.8.3
75 silly idealTree | `-- debug@2.6.8
75 silly idealTree +-- lodash.once@4.1.1
75 silly idealTree +-- lodash@4.17.4
75 silly idealTree +-- md5@2.2.1
75 silly idealTree +-- media-typer@0.3.0
75 silly idealTree +-- merge-descriptors@1.0.1
75 silly idealTree +-- methods@1.1.2
75 silly idealTree +-- mime-db@1.27.0
75 silly idealTree +-- mime-types@2.1.15
75 silly idealTree +-- mime@1.3.4
75 silly idealTree +-- min-document@2.19.0
75 silly idealTree +-- minimatch@3.0.4
75 silly idealTree +-- minimist@0.0.8
75 silly idealTree +-- mkdirp@0.3.5
75 silly idealTree +-- moment@2.18.1
75 silly idealTree +-- mongodb-core@2.1.14
75 silly idealTree +-- mongodb@2.2.30
75 silly idealTree | +-- es6-promise@3.2.1
75 silly idealTree | +-- isarray@1.0.0
75 silly idealTree | +-- readable-stream@2.2.7
75 silly idealTree | `-- string_decoder@1.0.3
75 silly idealTree +-- ms@2.0.0
75 silly idealTree +-- mustache@2.3.0
75 silly idealTree +-- mysql@2.13.0
75 silly idealTree +-- negotiator@0.6.1
75 silly idealTree +-- number-is-nan@1.0.1
75 silly idealTree +-- oauth-sign@0.8.2
75 silly idealTree +-- object-assign@2.1.1
75 silly idealTree +-- on-finished@2.3.0
75 silly idealTree +-- once@1.4.0
75 silly idealTree +-- openurl@1.1.1
75 silly idealTree +-- options@0.0.6
75 silly idealTree +-- os-locale@1.4.0
75 silly idealTree +-- parse-headers@2.0.1
75 silly idealTree +-- parseurl@1.3.1
75 silly idealTree +-- path-is-absolute@1.0.1
75 silly idealTree +-- path-to-regexp@0.1.7
75 silly idealTree +-- performance-now@0.2.0
75 silly idealTree +-- pinkie-promise@2.0.1
75 silly idealTree +-- pinkie@2.0.4
75 silly idealTree +-- precond@0.2.3
75 silly idealTree +-- private@0.1.7
75 silly idealTree +-- process-nextick-args@1.0.7
75 silly idealTree +-- process@0.5.2
75 silly idealTree +-- promise@8.0.0
75 silly idealTree +-- properties-reader@0.0.15
75 silly idealTree +-- proxy-addr@1.1.4
75 silly idealTree +-- punycode@1.4.1
75 silly idealTree +-- q@1.5.0
75 silly idealTree +-- qs@6.4.0
75 silly idealTree +-- range-parser@1.2.0
75 silly idealTree +-- raw-body@2.2.0
75 silly idealTree +-- readable-stream@1.1.14
75 silly idealTree +-- recast@0.11.23
75 silly idealTree | +-- esprima@3.1.3
75 silly idealTree | `-- source-map@0.5.6
75 silly idealTree +-- regenerator-runtime@0.10.5
75 silly idealTree +-- request@2.81.0
75 silly idealTree +-- require_optional@1.0.1
75 silly idealTree +-- resolve-from@2.0.0
75 silly idealTree +-- rsa-pem-from-mod-exp@0.8.4
75 silly idealTree +-- safe-buffer@5.1.1
75 silly idealTree +-- scmp@0.0.3
75 silly idealTree +-- sdp-transform@2.3.0
75 silly idealTree +-- sdp@1.5.4
75 silly idealTree +-- semver@5.3.0
75 silly idealTree +-- send@0.15.3
75 silly idealTree +-- serve-static@1.12.3
75 silly idealTree +-- setprototypeof@1.0.3
75 silly idealTree +-- sntp@1.0.9
75 silly idealTree +-- source-map@0.4.4
75 silly idealTree +-- sprintf-js@1.1.1
75 silly idealTree +-- sqlstring@2.2.0
75 silly idealTree +-- sshpk@1.13.1
75 silly idealTree | `-- assert-plus@1.0.0
75 silly idealTree +-- stack-trace@0.0.10
75 silly idealTree +-- statuses@1.3.1
75 silly idealTree +-- string_decoder@0.10.31
75 silly idealTree +-- string-width@1.0.2
75 silly idealTree +-- string.prototype.startswith@0.2.0
75 silly idealTree +-- string@3.3.3
75 silly idealTree +-- stringstream@0.0.5
75 silly idealTree +-- strip-ansi@3.0.1
75 silly idealTree +-- supports-color@2.0.0
75 silly idealTree +-- sync-request@4.1.0
75 silly idealTree +-- test-value@2.1.0
75 silly idealTree +-- then-request@2.2.0
75 silly idealTree | +-- caseless@0.11.0
75 silly idealTree | `-- promise@7.3.1
75 silly idealTree +-- through@2.3.8
75 silly idealTree +-- through2@0.6.5
75 silly idealTree | `-- readable-stream@1.0.34
75 silly idealTree +-- topo@1.1.0
75 silly idealTree +-- tough-cookie@2.3.2
75 silly idealTree +-- trim@0.0.1
75 silly idealTree +-- tunnel-agent@0.6.0
75 silly idealTree +-- tweetnacl@0.14.5
75 silly idealTree +-- twilio@2.11.1
75 silly idealTree | +-- async@2.5.0
75 silly idealTree | +-- caseless@0.11.0
75 silly idealTree | +-- form-data@1.0.1
75 silly idealTree | +-- har-validator@2.0.6
75 silly idealTree | +-- jsonwebtoken@5.4.1
75 silly idealTree | +-- ms@0.7.3
75 silly idealTree | +-- node-uuid@1.4.8
75 silly idealTree | +-- q@0.9.7
75 silly idealTree | +-- qs@6.2.3
75 silly idealTree | +-- request@2.74.0
75 silly idealTree | `-- tunnel-agent@0.4.3
75 silly idealTree +-- type-is@1.6.15
75 silly idealTree +-- typedarray@0.0.6
75 silly idealTree +-- typical@2.6.1
75 silly idealTree +-- ultron@1.0.2
75 silly idealTree +-- underscore@1.8.3
75 silly idealTree +-- unpipe@1.0.0
75 silly idealTree +-- url-join@1.1.0
75 silly idealTree +-- urlsafe-base64@1.0.0
75 silly idealTree +-- util-deprecate@1.0.2
75 silly idealTree +-- utils-merge@1.0.0
75 silly idealTree +-- uuid@3.1.0
75 silly idealTree +-- vary@1.1.1
75 silly idealTree +-- verror@1.3.6
75 silly idealTree +-- ware@1.3.0
75 silly idealTree +-- webrtc-adapter@3.2.0
75 silly idealTree +-- window-size@0.1.4
75 silly idealTree +-- winston@2.3.1
75 silly idealTree +-- wrap-ansi@2.1.0
75 silly idealTree +-- wrap-fn@0.1.5
75 silly idealTree | `-- co@3.1.0
75 silly idealTree +-- wrappy@1.0.2
75 silly idealTree +-- ws@2.3.1
75 silly idealTree | +-- safe-buffer@5.0.1
75 silly idealTree | `-- ultron@1.1.0
75 silly idealTree +-- xtend@4.0.1
75 silly idealTree +-- y18n@3.2.1
75 silly idealTree `-- yargs@3.29.0
76 silly generateActionsToTake Starting
77 silly install generateActionsToTake
78 silly generateActionsToTake Finishing
79 silly diffTrees action count 1
80 silly diffTrees add jpeg@2.0.0
81 silly decomposeActions action count 8
82 silly decomposeActions fetch jpeg@2.0.0
83 silly decomposeActions extract jpeg@2.0.0
84 silly decomposeActions test jpeg@2.0.0
85 silly decomposeActions preinstall jpeg@2.0.0
86 silly decomposeActions build jpeg@2.0.0
87 silly decomposeActions install jpeg@2.0.0
88 silly decomposeActions postinstall jpeg@2.0.0
89 silly decomposeActions finalize jpeg@2.0.0
90 silly runTopLevelLifecycles Starting
91 silly executeActions Starting
92 silly install executeActions
93 silly doSerial global-install 0
94 silly doParallel fetch 1
95 verbose correctMkdir C:\Users\Abcd\AppData\Roaming\npm-cache\_locks correctMkdir not in flight; initializing
96 verbose lock using C:\Users\Abcd\AppData\Roaming\npm-cache\_locks\staging-3561605b4bdf97e6.lock for C:\Users\Abcd\Desktop\freelancer\chatBot\node_modules\.staging
97 silly doParallel extract 1
98 silly extract jpeg@2.0.0
99 verbose unbuild node_modules\.staging\jpeg-2b8bc236
100 silly gentlyRm C:\Users\Abcd\Desktop\freelancer\chatBot\node_modules\.staging\jpeg-2b8bc236 is being purged from base C:\Users\Abcd\Desktop\freelancer\chatBot
101 verbose gentlyRm don't care about contents; nuking C:\Users\Abcd\Desktop\freelancer\chatBot\node_modules\.staging\jpeg-2b8bc236
102 verbose tar unpack C:\Users\Abcd\AppData\Roaming\npm-cache\jpeg\2.0.0\package.tgz
103 verbose tar unpacking to C:\Users\Abcd\Desktop\freelancer\chatBot\node_modules\.staging\jpeg-2b8bc236
104 silly gentlyRm C:\Users\Abcd\Desktop\freelancer\chatBot\node_modules\.staging\jpeg-2b8bc236 is being purged
105 verbose gentlyRm don't care about contents; nuking C:\Users\Abcd\Desktop\freelancer\chatBot\node_modules\.staging\jpeg-2b8bc236
106 silly gunzTarPerm modes [ '777', '666' ]
107 silly gunzTarPerm extractEntry package.json
108 silly gunzTarPerm modified mode [ 'package.json', 420, 438 ]
109 silly gunzTarPerm extractEntry .npmignore
110 silly gunzTarPerm modified mode [ '.npmignore', 420, 438 ]
111 silly gunzTarPerm extractEntry wscript
112 silly gunzTarPerm modified mode [ 'wscript', 420, 438 ]
113 silly gunzTarPerm extractEntry readme.md
114 silly gunzTarPerm modified mode [ 'readme.md', 420, 438 ]
115 silly gunzTarPerm extractEntry examples/jpeg-example.js
116 silly gunzTarPerm modified mode [ 'examples/jpeg-example.js', 420, 438 ]
117 silly gunzTarPerm extractEntry examples/jpeg-example2-async.js
118 silly gunzTarPerm modified mode [ 'examples/jpeg-example2-async.js', 420, 438 ]
119 silly gunzTarPerm extractEntry examples/jpeg-example2.js
120 silly gunzTarPerm modified mode [ 'examples/jpeg-example2.js', 420, 438 ]
121 silly gunzTarPerm extractEntry examples/fixed-jpeg-stack-async.js
122 silly gunzTarPerm modified mode [ 'examples/fixed-jpeg-stack-async.js', 420, 438 ]
123 silly gunzTarPerm extractEntry examples/fixed-jpeg-stack.js
124 silly gunzTarPerm modified mode [ 'examples/fixed-jpeg-stack.js', 420, 438 ]
125 silly gunzTarPerm extractEntry examples/dynamic-jpeg-stack.js
126 silly gunzTarPerm modified mode [ 'examples/dynamic-jpeg-stack.js', 420, 438 ]
127 silly gunzTarPerm extractEntry examples/dynamic-jpeg-stack-async.js
128 silly gunzTarPerm modified mode [ 'examples/dynamic-jpeg-stack-async.js', 420, 438 ]
129 silly gunzTarPerm extractEntry examples/jpeg-example-async.js
130 silly gunzTarPerm modified mode [ 'examples/jpeg-example-async.js', 420, 438 ]
131 silly gunzTarPerm extractEntry examples/push-data/05-rgba-96-397-32-2.dat
132 silly gunzTarPerm modified mode [ 'examples/push-data/05-rgba-96-397-32-2.dat', 420, 438 ]
133 silly gunzTarPerm extractEntry examples/push-data/10-rgba-112-397-32-2.dat
134 silly gunzTarPerm modified mode [ 'examples/push-data/10-rgba-112-397-32-2.dat', 420, 438 ]
135 silly gunzTarPerm extractEntry examples/push-data/19-rgba-160-397-32-2.dat
136 silly gunzTarPerm modified mode [ 'examples/push-data/19-rgba-160-397-32-2.dat', 420, 438 ]
137 silly gunzTarPerm extractEntry examples/push-data/20-rgba-176-386-16-10.dat
138 silly gunzTarPerm modified mode [ 'examples/push-data/20-rgba-176-386-16-10.dat', 420, 438 ]
139 silly gunzTarPerm extractEntry examples/push-data/04-rgba-96-386-16-10.dat
140 silly gunzTarPerm modified mode [ 'examples/push-data/04-rgba-96-386-16-10.dat', 420, 438 ]
141 silly gunzTarPerm extractEntry examples/push-data/16-rgba-144-397-32-2.dat
142 silly gunzTarPerm modified mode [ 'examples/push-data/16-rgba-144-397-32-2.dat', 420, 438 ]
143 silly gunzTarPerm extractEntry examples/push-data/12-rgba-128-397-32-2.dat
144 silly gunzTarPerm modified mode [ 'examples/push-data/12-rgba-128-397-32-2.dat', 420, 438 ]
145 silly gunzTarPerm extractEntry examples/push-data/07-rgba-112-386-16-10.dat
146 silly gunzTarPerm modified mode [ 'examples/push-data/07-rgba-112-386-16-10.dat', 420, 438 ]
147 silly gunzTarPerm extractEntry examples/push-data/02-rgba-96-390-16-5.dat
148 silly gunzTarPerm modified mode [ 'examples/push-data/02-rgba-96-390-16-5.dat', 420, 438 ]
149 silly gunzTarPerm extractEntry examples/push-data/09-rgba-112-389-32-7.dat
150 silly gunzTarPerm modified mode [ 'examples/push-data/09-rgba-112-389-32-7.dat', 420, 438 ]
151 silly gunzTarPerm extractEntry examples/push-data/17-rgba-160-393-16-6.dat
152 silly gunzTarPerm modified mode [ 'examples/push-data/17-rgba-160-393-16-6.dat', 420, 438 ]
153 silly gunzTarPerm extractEntry examples/push-data/14-rgba-144-397-32-2.dat
154 silly gunzTarPerm modified mode [ 'examples/push-data/14-rgba-144-397-32-2.dat', 420, 438 ]
155 silly gunzTarPerm extractEntry examples/push-data/11-rgba-128-386-16-10.dat
156 silly gunzTarPerm modified mode [ 'examples/push-data/11-rgba-128-386-16-10.dat', 420, 438 ]
157 silly gunzTarPerm extractEntry examples/push-data/06-rgba-96-397-32-2.dat
158 silly gunzTarPerm modified mode [ 'examples/push-data/06-rgba-96-397-32-2.dat', 420, 438 ]
159 silly gunzTarPerm extractEntry examples/push-data/08-rgba-112-397-32-2.dat
160 silly gunzTarPerm modified mode [ 'examples/push-data/08-rgba-112-397-32-2.dat', 420, 438 ]
161 silly gunzTarPerm extractEntry examples/push-data/13-rgba-144-386-16-10.dat
162 silly gunzTarPerm modified mode [ 'examples/push-data/13-rgba-144-386-16-10.dat', 420, 438 ]
163 silly gunzTarPerm extractEntry examples/push-data/01-rgba-80-389-16-7.dat
164 silly gunzTarPerm modified mode [ 'examples/push-data/01-rgba-80-389-16-7.dat', 420, 438 ]
165 silly gunzTarPerm extractEntry examples/push-data/15-rgba-144-389-16-7.dat
166 silly gunzTarPerm modified mode [ 'examples/push-data/15-rgba-144-389-16-7.dat', 420, 438 ]
167 silly gunzTarPerm extractEntry examples/push-data/18-rgba-176-397-16-2.dat
168 silly gunzTarPerm modified mode [ 'examples/push-data/18-rgba-176-397-16-2.dat', 420, 438 ]
169 silly gunzTarPerm extractEntry examples/push-data/03-rgba-80-397-32-2.dat
170 silly gunzTarPerm modified mode [ 'examples/push-data/03-rgba-80-397-32-2.dat', 420, 438 ]
171 silly gunzTarPerm extractEntry examples/rgba-terminal.dat
172 silly gunzTarPerm modified mode [ 'examples/rgba-terminal.dat', 420, 438 ]
173 silly gunzTarPerm extractEntry src/jpeg.cpp
174 silly gunzTarPerm modified mode [ 'src/jpeg.cpp', 420, 438 ]
175 silly gunzTarPerm extractEntry src/jpeg.h
176 silly gunzTarPerm modified mode [ 'src/jpeg.h', 420, 438 ]
177 silly gunzTarPerm extractEntry src/fixed_jpeg_stack.cpp
178 silly gunzTarPerm modified mode [ 'src/fixed_jpeg_stack.cpp', 420, 438 ]
179 silly gunzTarPerm extractEntry src/dynamic_jpeg_stack.cpp
180 silly gunzTarPerm modified mode [ 'src/dynamic_jpeg_stack.cpp', 420, 438 ]
181 silly gunzTarPerm extractEntry src/jpeg_encoder.h
182 silly gunzTarPerm modified mode [ 'src/jpeg_encoder.h', 420, 438 ]
183 silly gunzTarPerm extractEntry src/buffer_compat.cpp
184 silly gunzTarPerm modified mode [ 'src/buffer_compat.cpp', 420, 438 ]
185 silly gunzTarPerm extractEntry src/jpeg_encoder.cpp
186 silly gunzTarPerm modified mode [ 'src/jpeg_encoder.cpp', 420, 438 ]
187 silly gunzTarPerm extractEntry src/fixed_jpeg_stack.h
188 silly gunzTarPerm modified mode [ 'src/fixed_jpeg_stack.h', 420, 438 ]
189 silly gunzTarPerm extractEntry src/common.h
190 silly gunzTarPerm modified mode [ 'src/common.h', 420, 438 ]
191 silly gunzTarPerm extractEntry src/dynamic_jpeg_stack.h
192 silly gunzTarPerm modified mode [ 'src/dynamic_jpeg_stack.h', 420, 438 ]
193 silly gunzTarPerm extractEntry src/buffer_compat.h
194 silly gunzTarPerm modified mode [ 'src/buffer_compat.h', 420, 438 ]
195 silly gunzTarPerm extractEntry src/common.cpp
196 silly gunzTarPerm modified mode [ 'src/common.cpp', 420, 438 ]
197 silly gunzTarPerm extractEntry src/module.cpp
198 silly gunzTarPerm modified mode [ 'src/module.cpp', 420, 438 ]
199 silly gunzTarPerm extractEntry package.json~
200 silly gunzTarPerm modified mode [ 'package.json~', 420, 438 ]
201 silly gunzTarPerm extractEntry binding.gyp
202 silly gunzTarPerm modified mode [ 'binding.gyp', 420, 438 ]
203 silly gentlyRm C:\Users\Abcd\Desktop\freelancer\chatBot\node_modules\.staging\jpeg-2b8bc236\node_modules is being purged
204 verbose gentlyRm don't care about contents; nuking C:\Users\Abcd\Desktop\freelancer\chatBot\node_modules\.staging\jpeg-2b8bc236\node_modules
205 silly doParallel preinstall 1
206 silly preinstall jpeg@2.0.0 C:\Users\Abcd\Desktop\freelancer\chatBot\node_modules\.staging\jpeg-2b8bc236
207 info lifecycle jpeg@2.0.0~preinstall: jpeg@2.0.0
208 silly lifecycle jpeg@2.0.0~preinstall: no script for preinstall, continuing
209 silly doReverseSerial remove 0
210 silly doSerial move 0
211 silly doSerial finalize 1
212 silly finalize C:\Users\Abcd\Desktop\freelancer\chatBot\node_modules\jpeg
213 silly doSerial build 1
214 silly build jpeg@2.0.0
215 info linkStuff jpeg@2.0.0
216 silly linkStuff jpeg@2.0.0 has C:\Users\Abcd\Desktop\freelancer\chatBot\node_modules as its parent node_modules
217 verbose linkBins jpeg@2.0.0
218 verbose linkMans jpeg@2.0.0
219 silly doSerial global-link 0
220 silly doParallel update-linked 0
221 silly doSerial install 1
222 silly install jpeg@2.0.0 C:\Users\Abcd\Desktop\freelancer\chatBot\node_modules\.staging\jpeg-2b8bc236
223 info lifecycle jpeg@2.0.0~install: jpeg@2.0.0
224 verbose lifecycle jpeg@2.0.0~install: unsafe-perm in lifecycle true
225 verbose lifecycle jpeg@2.0.0~install: PATH: C:\Program Files\nodejs\node_modules\npm\bin\node-gyp-bin;C:\Users\Abcd\Desktop\freelancer\chatBot\node_modules\jpeg\node_modules\.bin;C:\Users\Abcd\Desktop\freelancer\chatBot\node_modules\.bin;C:\oraclexe\app\oracle\product\11.2.0\server\bin;C:\ProgramData\Oracle\Java\javapath;C:\Program Files (x86)\Intel\iCLS Client\;C:\Program Files\Intel\iCLS Client\;C:\Program Files (x86)\NVIDIA Corporation\PhysX\Common;C:\WINDOWS\system32;C:\WINDOWS;C:\WINDOWS\System32\Wbem;C:\WINDOWS\System32\WindowsPowerShell\v1.0\;C:\Program Files (x86)\Intel\OpenCL SDK\2.0\bin\x86;C:\Program Files (x86)\Intel\OpenCL SDK\2.0\bin\x64;C:\Program Files\Intel\Intel(R) Management Engine Components\DAL;C:\Program Files\Intel\Intel(R) Management Engine Components\IPT;C:\Program Files (x86)\Intel\Intel(R) Management Engine Components\DAL;C:\Program Files (x86)\Intel\Intel(R) Management Engine Components\IPT;C:\Users\Abcd\Downloads\apache-ant-1.9.6-bin\apache-ant-1.9.6\bin;%USERPROFILE%\.dnx\bin;C:\Program Files\Microsoft DNX\Dnvm\;C:\Program Files\Microsoft SQL Server\130\Tools\Binn\;C:\Program Files\apache-maven-3.3.9\bin;c:\Program Files\Microsoft SQL Server\110\Tools\Binn\;c:\Program Files (x86)\Microsoft SQL Server\110\Tools\Binn\;c:\Program Files\Microsoft SQL Server\110\DTS\Binn\;c:\Program Files (x86)\Microsoft SQL Server\110\Tools\Binn\ManagementStudio\;c:\Program Files (x86)\Microsoft Visual Studio 10.0\Common7\IDE\PrivateAssemblies\;c:\Program Files (x86)\Microsoft SQL Server\110\DTS\Binn\;C:\Program Files\nodejs\;C:\Program Files\Git\cmd;C:\Program Files (x86)\Skype\Phone\;C:\Users\Abcd\AppData\Local\Microsoft\WindowsApps;C:\Users\Abcd\AppData\Roaming\npm;C:\Program Files\Heroku\bin
226 verbose lifecycle jpeg@2.0.0~install: CWD: C:\Users\Abcd\Desktop\freelancer\chatBot\node_modules\jpeg
227 silly lifecycle jpeg@2.0.0~install: Args: [ '/d /s /c', 'node-gyp configure build' ]
228 silly lifecycle jpeg@2.0.0~install: Returned: code: 1  signal: null
229 info lifecycle jpeg@2.0.0~install: Failed to exec install script
230 verbose unlock done using C:\Users\Abcd\AppData\Roaming\npm-cache\_locks\staging-3561605b4bdf97e6.lock for C:\Users\Abcd\Desktop\freelancer\chatBot\node_modules\.staging
231 silly rollbackFailedOptional Starting
232 silly rollbackFailedOptional Finishing
233 silly runTopLevelLifecycles Finishing
234 silly install printInstalled
235 warn enoent ENOENT: no such file or directory, open 'C:\Users\Abcd\Desktop\freelancer\chatBot\package.json'
236 verbose enoent ENOENT: no such file or directory, open 'C:\Users\Abcd\Desktop\freelancer\chatBot\package.json'
236 verbose enoent This is most likely not a problem with npm itself
236 verbose enoent and is related to npm not being able to find a file.
237 warn chatBot No description
238 verbose If you need help, you may report this error at:
238 verbose     <https://github.com/npm/npm/issues>
239 warn chatBot No repository field.
240 verbose If you need help, you may report this error at:
240 verbose     <https://github.com/npm/npm/issues>
241 warn chatBot No README data
242 verbose If you need help, you may report this error at:
242 verbose     <https://github.com/npm/npm/issues>
243 warn chatBot No license field.
244 verbose If you need help, you may report this error at:
244 verbose     <https://github.com/npm/npm/issues>
245 verbose stack Error: jpeg@2.0.0 install: `node-gyp configure build`
245 verbose stack Exit status 1
245 verbose stack     at EventEmitter.<anonymous> (C:\Program Files\nodejs\node_modules\npm\lib\utils\lifecycle.js:255:16)
245 verbose stack     at emitTwo (events.js:106:13)
245 verbose stack     at EventEmitter.emit (events.js:191:7)
245 verbose stack     at ChildProcess.<anonymous> (C:\Program Files\nodejs\node_modules\npm\lib\utils\spawn.js:40:14)
245 verbose stack     at emitTwo (events.js:106:13)
245 verbose stack     at ChildProcess.emit (events.js:191:7)
245 verbose stack     at maybeClose (internal/child_process.js:877:16)
245 verbose stack     at Process.ChildProcess._handle.onexit (internal/child_process.js:226:5)
246 verbose pkgid jpeg@2.0.0
247 verbose cwd C:\Users\Abcd\Desktop\freelancer\chatBot
248 error Windows_NT 10.0.14393
249 error argv "C:\\Program Files\\nodejs\\node.exe" "C:\\Program Files\\nodejs\\node_modules\\npm\\bin\\npm-cli.js" "install" "jpeg"
250 error node v6.10.0
251 error npm  v3.10.10
252 error code ELIFECYCLE
253 error jpeg@2.0.0 install: `node-gyp configure build`
253 error Exit status 1
254 error Failed at the jpeg@2.0.0 install script 'node-gyp configure build'.
254 error Make sure you have the latest version of node.js and npm installed.
254 error If you do, this is most likely a problem with the jpeg package,
254 error not with npm itself.
254 error Tell the author that this fails on your system:
254 error     node-gyp configure build
254 error You can get information on how to open an issue for this project with:
254 error     npm bugs jpeg
254 error Or if that isn't available, you can get their info via:
254 error     npm owner ls jpeg
254 error There is likely additional logging output above.
255 verbose exit [ 1, true ]
